<?xml version="1.0" encoding="UTF-8"?>
<!-- Generated by org.testng.reporters.JUnitReportReporter -->
<testsuite hostname="MacBook-Air.local" failures="0" tests="1" name="com.mdr.runner.RunCukesTest" time="82.438" errors="0" timestamp="2025-02-17T15:19:17 IST" skipped="0">
  <testcase classname="com.mdr.runner.RunCukesTest" name="feature" time="82.438"/>
</testsuite> <!-- com.mdr.runner.RunCukesTest -->
