<?xml version="1.0" encoding="UTF-8"?>
<!-- Generated by org.testng.reporters.JUnitReportReporter -->
<testsuite hostname="MacBook-Air.local" failures="0" tests="1" name="com.mdr.config.Hooks" time="122.143" errors="1" timestamp="2024-10-20T15:08:29 IST" skipped="0">
  <testcase classname="com.mdr.config.Hooks" name="startServer" time="122.143">
    <error message="The local appium server has not been started. The given Node.js executable: /Users/Prati/.nvm/versions/node/v18.19.0/bin/node Arguments: [/Users/Prati/.nvm/versions/node/v18.19.0/bin/appium, --port, 4723, --address, 127.0.0.1] 
Process output: atus[39m {}
[38;5;86m[HTTP][0m No route found for /wd/hub/status
[38;5;86m[HTTP][0m &lt;-- GET /wd/hub/status 404 1 ms - 211 
[38;5;86m[HTTP][0m [37m--&gt;[39m [37mGET[39m [37m/wd/hub/status[39m {}
[38;5;86m[HTTP][0m No route found for /wd/hub/status
[38;5;86m[HTTP][0m &lt;-- GET /wd/hub/status 404 2 ms - 211 
[38;5;86m[HTTP][0m [37m--&gt;[39m [37mGET[39m [37m/wd/hub/status[39m {}
[38;5;86m[HTTP][0m No route found for /wd/hub/status
[38;5;86m[HTTP][0m &lt;-- GET /wd/hub/status 404 1 ms - 211 
[38;5;86m[HTTP][0m [37m--&gt;[39m [37mGET[39m [37m/wd/hub/status[39m {}
[38;5;86m[HTTP][0m No route found for /wd/hub/status
[38;5;86m[HTTP][0m &lt;-- GET /wd/hub/status 404 2 ms - 211 
[38;5;86m[HTTP][0m [37m--&gt;[39m [37mGET[39m [37m/wd/hub/status[39m {}
[38;5;86m[HTTP][0m No route found for /wd/hub/status
[38;5;86m[HTTP][0m &lt;-- GET /wd/hub/status 404 3 ms - 211 
[38;5;86m[HTTP][0m [37m--&gt;[39m [37mGET[39m [37m/wd/hub/status[39m {}
[38;5;86m[HTTP][0m No route found for /wd/hub/status
[38;5;86m[HTTP][0m &lt;-- GET /wd/hub/status 404 2 ms - 211 
[38;5;86m[HTTP][0m [37m--&gt;[39m [37mGET[39m [37m/wd/hub/status[39m {}
[38;5;86m[HTTP][0m No route found for /wd/hub/status
[38;5;86m[HTTP][0m &lt;-- GET /wd/hub/status 404 2 ms - 211 
[38;5;86m[HTTP][0m [37m--&gt;[39m [37mGET[39m [37m/wd/hub/status[39m {}
[38;5;86m[HTTP][0m No route found for /wd/hub/status
[38;5;86m[HTTP][0m &lt;-- GET /wd/hub/status 404 1 ms - 211 
[38;5;86m[HTTP][0m [37m--&gt;[39m [37mGET[39m [37m/wd/hub/status[39m {}
[38;5;86m[HTTP][0m No route found for /wd/hub/status
[38;5;86m[HTTP][0m &lt;-- GET /wd/hub/status 404 1 ms - 211 
[38;5;86m[HTTP][0m [37m--&gt;[39m [37mGET[39m [37m/wd/hub/status[39m {}
[38;5;86m[HTTP][0m No route found for /wd/hub/status
[38;5;86m[HTTP][0m &lt;-- GET /wd/hub/status 404 0 ms - 211 
[38;5;86m[HTTP][0m [37m--&gt;[39m [37mGET[39m [37m/wd/hub/status[39m {}
[38;5;86m[HTTP][0m No route found for /wd/hub/status
[38;5;86m[HTTP][0m &lt;-- GET /wd/hub/status 404 0 ms - 211 
[38;5;86m[HTTP][0m [37m--&gt;[39m [37mGET[39m [37m/wd/hub/status[39m {}
[38;5;86m[HTTP][0m No route found for /wd/hub/status
[38;5;86m[HTTP][0m &lt;-- GET /wd/hub/status 404 0 ms - 211 
[38;5;86m[HTTP][0m [37m--&gt;[39m [37mGET[39m [37m/wd/hub/status[39m {}
[38;5;86m[HTTP][0m No route found for /wd/hub/status
[38;5;86m[HTTP][0m &lt;-- GET /wd/hub/status 404 0 ms - 211 
[38;5;86m[HTTP][0m [37m--&gt;[39m [37mGET[39m [37m/wd/hub/status[39m {}
[38;5;86m[HTTP][0m No route found for /wd/hub/status
[38;5;86m[HTTP][0m &lt;-- GET /wd/hub/status 404 1 ms - 211 
[38;5;86m[HTTP][0m [37m--&gt;[39m [37mGET[39m [37m/wd/hub/status[39m {}
[38;5;86m[HTTP][0m No route found for /wd/hub/status
[38;5;86m[HTTP][0m &lt;-- GET /wd/hub/status 404 1 ms - 211 
[38;5;86m[HTTP][0m [37m--&gt;[39m [37mGET[39m [37m/wd/hub/status[39m {}
[38;5;86m[HTTP][0m No route found for /wd/hub/status
[38;5;86m[HTTP][0m &lt;-- GET /wd/hub/status 404 2 ms - 211 
[38;5;86m[HTTP][0m [37m--&gt;[39m [37mGET[39m [37m/wd/hub/status[39m {}
[38;5;86m[HTTP][0m No route found for /wd/hub/status
[38;5;86m[HTTP][0m &lt;-- GET /wd/hub/status 404 1 ms - 211 
[38;5;86m[HTTP][0m [37m--&gt;[39m [37mGET[39m [37m/wd/hub/status[39m {}
[38;5;86m[HTTP][0m No route found for /wd/hub/status
[38;5;86m[HTTP][0m &lt;-- GET /wd/hub/status 404 1 ms - 211 
[38;5;86m[HTTP][0m [37m--&gt;[39m [37mGET[39m [37m/wd/hub/status[39m {}
[38;5;86m[HTTP][0m No route found for /wd/hub/status
[38;5;86m[HTTP][0m &lt;-- GET /wd/hub/status 404 1 ms - 211 
[38;5;86m[HTTP][0m [37m--&gt;[39m [37mGET[39m [37m/wd/hub/status[39m {}
[38;5;86m[HTTP][0m No route found for /wd/hub/status
[38;5;86m[HTTP][0m &lt;-- GET /wd/hub/status 404 1 ms - 211 
[38;5;86m[HTTP][0m [37m--&gt;[39m [37mGET[39m [37m/wd/hub/status[39m {}
[38;5;86m[HTTP][0m No route found for /wd/hub/status
[38;5;86m[HTTP][0m &lt;-- GET /wd/hub/status 404 2 ms - 211 
[38;5;86m[HTTP][0m [37m--&gt;[39m [37mGET[39m [37m/wd/hub/status[39m {}
[38;5;86m[HTTP][0m No route found for /wd/hub/status
[38;5;86m[HTTP][0m &lt;-- GET /wd/hub/status 404 1 ms - 211 
[38;5;86m[HTTP][0m [37m--&gt;[39m [37mGET[39m [37m/wd/hub/status[39m {}
[38;5;86m[HTTP][0m No route found for /wd/hub/status
[38;5;86m[HTTP][0m &lt;-- GET /wd/hub/status 404 1 ms - 211 
[38;5;86m[HTTP][0m [37m--&gt;[39m [37mGET[39m [37m/wd/hub/status[39m {}
[38;5;86m[HTTP][0m No route found for /wd/hub/status
[38;5;86m[HTTP][0m &lt;-- GET /wd/hub/status 404 1 ms - 211 
[38;5;86m[HTTP][0m [37m--&gt;[39m [37mGET[39m [37m/wd/hub/status[39m {}
[38;5;86m[HTTP][0m No route found for /wd/hub/status
[38;5;86m[HTTP][0m &lt;-- GET /wd/hub/status 404 1 ms - 211 
[38;5;86m[HTTP][0m [37m--&gt;[39m [37mGET[39m [37m/wd/hub/status[39m {}
[38;5;86m[HTTP][0m No route found for /wd/hub/status
[38;5;86m[HTTP][0m &lt;-- GET /wd/hub/status 404 2 ms - 211 
[38;5;86m[HTTP][0m [37m--&gt;[39m [37mGET[39m [37m/wd/hub/status[39m {}
[38;5;86m[HTTP][0m No route found for /wd/hub/status
[38;5;86m[HTTP][0m &lt;-- GET /wd/hub/status 404 2 ms - 211 
[38;5;86m[HTTP][0m [37m--&gt;[39m [37mGET[39m [37m/wd/hub/status[39m {}
[38;5;86m[HTTP][0m No route found for /wd/hub/status
[38;5;86m[HTTP][0m &lt;-- GET /wd/hub/status 404 2 ms - 211 
[38;5;86m[HTTP][0m [37m--&gt;[39m [37mGET[39m [37m/wd/hub/status[39m {}
[38;5;86m[HTTP][0m No route found for /wd/hub/status
[38;5;86m[HTTP][0m &lt;-- GET /wd/hub/status 404 1 ms - 211 
[38;5;86m[HTTP][0m [37m--&gt;[39m [37mGET[39m [37m/wd/hub/status[39m {}
[38;5;86m[HTTP][0m No route found for /wd/hub/status
[38;5;86m[HTTP][0m &lt;-- GET /wd/hub/status 404 1 ms - 211 
[38;5;86m[HTTP][0m [37m--&gt;[39m [37mGET[39m [37m/wd/hub/status[39m {}
[38;5;86m[HTTP][0m No route found for /wd/hub/status
[38;5;86m[HTTP][0m &lt;-- GET /wd/hub/status 404 2 ms - 211 
[38;5;86m[HTTP][0m [37m--&gt;[39m [37mGET[39m [37m/wd/hub/status[39m {}
[38;5;86m[HTTP][0m No route found for /wd/hub/status
[38;5;86m[HTTP][0m &lt;-- GET /wd/hub/status 404 1 ms - 211 
[38;5;86m[HTTP][0m [37m--&gt;[39m [37mGET[39m [37m/wd/hub/status[39m {}
[38;5;86m[HTTP][0m No route found for /wd/hub/status
[38;5;86m[HTTP][0m &lt;-- GET /wd/hub/status 404 1 ms - 211 
[38;5;86m[HTTP][0m [37m--&gt;[39m [37mGET[39m [37m/wd/hub/status[39m {}
[38;5;86m[HTTP][0m No route found for /wd/hub/status
[38;5;86m[HTTP][0m &lt;-- GET /wd/hub/status 404 2 ms - 211 
[38;5;86m[HTTP][0m [37m--&gt;[39m [37mGET[39m [37m/wd/hub/status[39m {}
[38;5;86m[HTTP][0m No route found for /wd/hub/status
[38;5;86m[HTTP][0m &lt;-- GET /wd/hub/status 404 1 ms - 211 
[38;5;86m[HTTP][0m [37m--&gt;[39m [37mGET[39m [37m/wd/hub/status[39m {}
[38;5;86m[HTTP][0m No route found for /wd/hub/status
[38;5;86m[HTTP][0m &lt;-- GET /wd/hub/status 404 1 ms - 211 
[38;5;86m[HTTP][0m [37m--&gt;[39m [37mGET[39m [37m/wd/hub/status[39m {}
[38;5;86m[HTTP][0m No route found for /wd/hub/status
[38;5;86m[HTTP][0m &lt;-- GET /wd/hub/status 404 2 ms - 211 
[38;5;86m[HTTP][0m [37m--&gt;[39m [37mGET[39m [37m/wd/hub/status[39m {}
[38;5;86m[HTTP][0m No route found for /wd/hub/status
[38;5;86m[HTTP][0m &lt;-- GET /wd/hub/status 404 2 ms - 211 
[38;5;86m[HTTP][0m [37m--&gt;[39m [37mGET[39m [37m/wd/hub/status[39m {}
[38;5;86m[HTTP][0m No route found for /wd/hub/status
[38;5;86m[HTTP][0m &lt;-- GET /wd/hub/status 404 2 ms - 211 
[38;5;86m[HTTP][0m [37m--&gt;[39m [37mGET[39m [37m/wd/hub/status[39m {}
[38;5;86m[HTTP][0m No route found for /wd/hub/status
[38;5;86m[HTTP][0m &lt;-- GET /wd/hub/status 404 2 ms - 211 
[38;5;86m[HTTP][0m [37m--&gt;[39m [37mGET[39m [37m/wd/hub/status[39m {}
[38;5;86m[HTTP][0m No route found for /wd/hub/status
[38;5;86m[HTTP][0m &lt;-- GET /wd/hub/status 404 1 ms - 211 
[38;5;86m[HTTP][0m [37m--&gt;[39m [37mGET[39m [37m/wd/hub/status[39m {}
[38;5;86m[HTTP][0m No route found for /wd/hub/status
[38;5;86m[HTTP][0m &lt;-- GET /wd/hub/status 404 1 ms - 211 
[38;5;86m[HTTP][0m [37m--&gt;[39m [37mGET[39m [37m/wd/hub/status[39m {}
[38;5;86m[HTTP][0m No route found for /wd/hub/status
[38;5;86m[HTTP][0m &lt;-- GET /wd/hub/status 404 0 ms - 211 
[38;5;86m[HTTP][0m [37m--&gt;[39m [37mGET[39m [37m/wd/hub/status[39m {}
[38;5;86m[HTTP][0m No route found for /wd/hub/status
[38;5;86m[HTTP][0m &lt;-- GET /wd/hub/status 404 2 ms - 211 
[38;5;86m[HTTP][0m [37m--&gt;[39m [37mGET[39m [37m/wd/hub/status[39m {}
[38;5;86m[HTTP][0m No route found for /wd/hub/status
[38;5;86m[HTTP][0m &lt;-- GET /wd/hub/status 404 1 ms - 211 
[38;5;86m[HTTP][0m [37m--&gt;[39m [37mGET[39m [37m/wd/hub/status[39m {}
[38;5;86m[HTTP][0m No route found for /wd/hub/status
[38;5;86m[HTTP][0m &lt;-- GET /wd/hub/status 404 1 ms - 211 
[38;5;86m[HTTP][0m [37m--&gt;[39m [37mGET[39m [37m/wd/hub/status[39m {}
[38;5;86m[HTTP][0m No route found for /wd/hub/status
[38;5;86m[HTTP][0m &lt;-- GET /wd/hub/status 404 2 ms - 211 
[38;5;86m[HTTP][0m [37m--&gt;[39m [37mGET[39m [37m/wd/hub/status[39m {}
[38;5;86m[HTTP][0m No route found for /wd/hub/status
[38;5;86m[HTTP][0m &lt;-- GET /wd/hub/status 404 2 ms - 211 
[38;5;86m[HTTP][0m [37m--&gt;[39m [37mGET[39m [37m/wd/hub/status[39m {}
[38;5;86m[HTTP][0m No route found for /wd/hub/status
[38;5;86m[HTTP][0m &lt;-- GET /wd/hub/status 404 1 ms - 211 
[38;5;86m[HTTP][0m [37m--&gt;[39m [37mGET[39m [37m/wd/hub/status[39m {}
[38;5;86m[HTTP][0m No route found for /wd/hub/status
[38;5;86m[HTTP][0m &lt;-- GET /wd/hub/status 404 1 ms - 211 
[38;5;86m[HTTP][0m [37m--&gt;[39m [37mGET[39m [37m/wd/hub/status[39m {}
[38;5;86m[HTTP][0m No route found for /wd/hub/status
[38;5;86m[HTTP][0m &lt;-- GET /wd/hub/status 404 1 ms - 211 
[38;5;86m[HTTP][0m [37m--&gt;[39m [37mGET[39m [37m/wd/hub/status[39m {}
[38;5;86m[HTTP][0m No route found for /wd/hub/status
[38;5;86m[HTTP][0m &lt;-- GET /wd/hub/status 404 1 ms - 211 
[38;5;86m[HTTP][0m [37m--&gt;[39m [37mGET[39m [37m/wd/hub/status[39m {}
[38;5;86m[HTTP][0m No route found for /wd/hub/status
[38;5;86m[HTTP][0m &lt;-- GET /wd/hub/status 404 1 ms - 211 
[38;5;86m[HTTP][0m [37m--&gt;[39m [37mGET[39m [37m/wd/hub/status[39m {}
[38;5;86m[HTTP][0m No route found for /wd/hub/status
[38;5;86m[HTTP][0m &lt;-- GET /wd/hub/status 404 1 ms - 211 
[38;5;86m[HTTP][0m [37m--&gt;[39m [37mGET[39m [37m/wd/hub/status[39m {}
[38;5;86m[HTTP][0m No route found for /wd/hub/status
[38;5;86m[HTTP][0m &lt;-- GET /wd/hub/status 404 3 ms - 211 
[38;5;86m[HTTP][0m [37m--&gt;[39m [37mGET[39m [37m/wd/hub/status[39m {}
[38;5;86m[HTTP][0m No route found for /wd/hub/status
[38;5;86m[HTTP][0m &lt;-- GET /wd/hub/status 404 2 ms - 211 
[38;5;86m[HTTP][0m [37m--&gt;[39m [37mGET[39m [37m/wd/hub/status[39m {}
[38;5;86m[HTTP][0m No route found for /wd/hub/status
[38;5;86m[HTTP][0m &lt;-- GET /wd/hub/status 404 2 ms - 211 
[38;5;86m[HTTP][0m [37m--&gt;[39m [37mGET[39m [37m/wd/hub/status[39m {}
[38;5;86m[HTTP][0m No route found for /wd/hub/status
[38;5;86m[HTTP][0m &lt;-- GET /wd/hub/status 404 1 ms - 211 
[38;5;86m[HTTP][0m [37m--&gt;[39m [37mGET[39m [37m/wd/hub/status[39m {}
[38;5;86m[HTTP][0m No route found for /wd/hub/status
[38;5;86m[HTTP][0m &lt;-- GET /wd/hub/status 404 1 ms - 211 
[38;5;86m[HTTP][0m [37m--&gt;[39m [37mGET[39m [37m/wd/hub/status[39m {}
[38;5;86m[HTTP][0m No route found for /wd/hub/status
[38;5;86m[HTTP][0m &lt;-- GET /wd/hub/status 404 1 ms - 211 
[38;5;86m[HTTP][0m [37m--&gt;[39m [37mGET[39m [37m/wd/hub/status[39m {}
[38;5;86m[HTTP][0m No route found for /wd/hub/status
[38;5;86m[HTTP][0m &lt;-- GET /wd/hub/status 404 1 ms - 211 
[38;5;86m[HTTP][0m [37m--&gt;[39m [37mGET[39m [37m/wd/hub/status[39m {}
[38;5;86m[HTTP][0m No route found for /wd/hub/status
[38;5;86m[HTTP][0m &lt;-- GET /wd/hub/status 404 1 ms - 211 
[38;5;86m[HTTP][0m [37m--&gt;[39m [37mGET[39m [37m/wd/hub/status[39m {}
[38;5;86m[HTTP][0m No route found for /wd/hub/status
[38;5;86m[HTTP][0m &lt;-- GET /wd/hub/status 404 1 ms - 211 
[38;5;86m[HTTP][0m [37m--&gt;[39m [37mGET[39m [37m/wd/hub/status[39m {}
[38;5;86m[HTTP][0m No route found for /wd/hub/status
[38;5;86m[HTTP][0m &lt;-- GET /wd/hub/status 404 1 ms - 211 
[38;5;86m[HTTP][0m [37m--&gt;[39m [37mGET[39m [37m/wd/hub/status[39m {}
[38;5;86m[HTTP][0m No route found for /wd/hub/status
[38;5;86m[HTTP][0m &lt;-- GET /wd/hub/status 404 1 ms - 211 
[38;5;86m[HTTP][0m [37m--&gt;[39m [37mGET[39m [37m/wd/hub/status[39m {}
[38;5;86m[HTTP][0m No route found for /wd/hub/status
[38;5;86m[HTTP][0m &lt;-- GET /wd/hub/status 404 1 ms - 211 
[38;5;86m[HTTP][0m [37m--&gt;[39m [37mGET[39m [37m/wd/hub/status[39m {}
[38;5;86m[HTTP][0m No route found for /wd/hub/status
[38;5;86m[HTTP][0m &lt;-- GET /wd/hub/status 404 1 ms - 211 
[38;5;86m[HTTP][0m [37m--&gt;[39m [37mGET[39m [37m/wd/hub/status[39m {}
[38;5;86m[HTTP][0m No route found for /wd/hub/status
[38;5;86m[HTTP][0m &lt;-- GET /wd/hub/status 404 2 ms - 211 
[38;5;86m[HTTP][0m [37m--&gt;[39m [37mGET[39m [37m/wd/hub/status[39m {}
[38;5;86m[HTTP][0m No route found for /wd/hub/status
[38;5;86m[HTTP][0m &lt;-- GET /wd/hub/status 404 1 ms - 211 
[38;5;86m[HTTP][0m [37m--&gt;[39m [37mGET[39m [37m/wd/hub/status[39m {}
[38;5;86m[HTTP][0m No route found for /wd/hub/status
[38;5;86m[HTTP][0m &lt;-- GET /wd/hub/status 404 2 ms - 211 
[38;5;86m[HTTP][0m [37m--&gt;[39m [37mGET[39m [37m/wd/hub/status[39m {}
[38;5;86m[HTTP][0m No route found for /wd/hub/status
[38;5;86m[HTTP][0m &lt;-- GET /wd/hub/status 404 1 ms - 211 
[38;5;86m[HTTP][0m [37m--&gt;[39m [37mGET[39m [37m/wd/hub/status[39m {}
[38;5;86m[HTTP][0m No route found for /wd/hub/status
[38;5;86m[HTTP][0m &lt;-- GET /wd/hub/status 404 1 ms - 211 
[38;5;86m[HTTP][0m [37m--&gt;[39m [37mGET[39m [37m/wd/hub/status[39m {}
[38;5;86m[HTTP][0m No route found for /wd/hub/status
[38;5;86m[HTTP][0m &lt;-- GET /wd/hub/status 404 2 ms - 211 
[38;5;86m[HTTP][0m [37m--&gt;[39m [37mGET[39m [37m/wd/hub/status[39m {}
[38;5;86m[HTTP][0m No route found for /wd/hub/status
[38;5;86m[HTTP][0m &lt;-- GET /wd/hub/status 404 2 ms - 211 
[38;5;86m[HTTP][0m [37m--&gt;[39m [37mGET[39m [37m/wd/hub/status[39m {}
[38;5;86m[HTTP][0m No route found for /wd/hub/status
[38;5;86m[HTTP][0m &lt;-- GET /wd/hub/status 404 3 ms - 211 
[38;5;86m[HTTP][0m [37m--&gt;[39m [37mGET[39m [37m/wd/hub/status[39m {}
[38;5;86m[HTTP][0m No route found for /wd/hub/status
[38;5;86m[HTTP][0m &lt;-- GET /wd/hub/status 404 1 ms - 211 
[38;5;86m[HTTP][0m [37m--&gt;[39m [37mGET[39m [37m/wd/hub/status[39m {}
[38;5;86m[HTTP][0m No route found for /wd/hub/status
[38;5;86m[HTTP][0m &lt;-- GET /wd/hub/status 404 1 ms - 211 
[38;5;86m[HTTP][0m [37m--&gt;[39m [37mGET[39m [37m/wd/hub/status[39m {}
[38;5;86m[HTTP][0m No route found for /wd/hub/status
[38;5;86m[HTTP][0m &lt;-- GET /wd/hub/status 404 1 ms - 211 
[38;5;86m[HTTP][0m [37m--&gt;[39m [37mGET[39m [37m/wd/hub/status[39m {}
[38;5;86m[HTTP][0m No route found for /wd/hub/status
[38;5;86m[HTTP][0m &lt;-- GET /wd/hub/status 404 2 ms - 211 
[38;5;86m[HTTP][0m [37m--&gt;[39m [37mGET[39m [37m/wd/hub/status[39m {}
[38;5;86m[HTTP][0m No route found for /wd/hub/status
[38;5;86m[HTTP][0m &lt;-- GET /wd/hub/status 404 2 ms - 211 
[38;5;86m[HTTP][0m [37m--&gt;[39m [37mGET[39m [37m/wd/hub/status[39m {}
[38;5;86m[HTTP][0m No route found for /wd/hub/status
[38;5;86m[HTTP][0m &lt;-- GET /wd/hub/status 404 1 ms - 211 
[38;5;86m[HTTP][0m [37m--&gt;[39m [37mGET[39m [37m/wd/hub/status[39m {}
[38;5;86m[HTTP][0m No route found for /wd/hub/status
[38;5;86m[HTTP][0m &lt;-- GET /wd/hub/status 404 2 ms - 211 
[38;5;86m[HTTP][0m [37m--&gt;[39m [37mGET[39m [37m/wd/hub/status[39m {}
[38;5;86m[HTTP][0m No route found for /wd/hub/status
[38;5;86m[HTTP][0m &lt;-- GET /wd/hub/status 404 2 ms - 211 
[38;5;86m[HTTP][0m [37m--&gt;[39m [37mGET[39m [37m/wd/hub/status[39m {}
[38;5;86m[HTTP][0m No route found for /wd/hub/status
[38;5;86m[HTTP][0m &lt;-- GET /wd/hub/status 404 1 ms - 211 
[38;5;86m[HTTP][0m [37m--&gt;[39m [37mGET[39m [37m/wd/hub/status[39m {}
[38;5;86m[HTTP][0m No route found for /wd/hub/status
[38;5;86m[HTTP][0m &lt;-- GET /wd/hub/status 404 1 ms - 211 
[38;5;86m[HTTP][0m [37m--&gt;[39m [37mGET[39m [37m/wd/hub/status[39m {}
[38;5;86m[HTTP][0m No route found for /wd/hub/status
[38;5;86m[HTTP][0m &lt;-- GET /wd/hub/status 404 2 ms - 211 
[38;5;86m[HTTP][0m [37m--&gt;[39m [37mGET[39m [37m/wd/hub/status[39m {}
[38;5;86m[HTTP][0m No route found for /wd/hub/status
[38;5;86m[HTTP][0m &lt;-- GET /wd/hub/status 404 1 ms - 211 
[38;5;86m[HTTP][0m [37m--&gt;[39m [37mGET[39m [37m/wd/hub/status[39m {}
[38;5;86m[HTTP][0m No route found for /wd/hub/status
[38;5;86m[HTTP][0m &lt;-- GET /wd/hub/status 404 2 ms - 211 
[38;5;86m[HTTP][0m [37m--&gt;[39m [37mGET[39m [37m/wd/hub/status[39m {}
[38;5;86m[HTTP][0m No route found for /wd/hub/status
[38;5;86m[HTTP][0m &lt;-- GET /wd/hub/status 404 1 ms - 211 
[38;5;86m[HTTP][0m [37m--&gt;[39m [37mGET[39m [37m/wd/hub/status[39m {}
[38;5;86m[HTTP][0m No route found for /wd/hub/status
[38;5;86m[HTTP][0m &lt;-- GET /wd/hub/status 404 1 ms - 211 
[38;5;86m[HTTP][0m [37m--&gt;[39m [37mGET[39m [37m/wd/hub/status[39m {}
[38;5;86m[HTTP][0m No route found for /wd/hub/status
[38;5;86m[HTTP][0m &lt;-- GET /wd/hub/status 404 2 ms - 211 
[38;5;86m[HTTP][0m [37m--&gt;[39m [37mGET[39m [37m/wd/hub/status[39m {}
[38;5;86m[HTTP][0m No route found for /wd/hub/status
[38;5;86m[HTTP][0m &lt;-- GET /wd/hub/status 404 2 ms - 211 
[38;5;86m[HTTP][0m [37m--&gt;[39m [37mGET[39m [37m/wd/hub/status[39m {}
[38;5;86m[HTTP][0m No route found for /wd/hub/status
[38;5;86m[HTTP][0m &lt;-- GET /wd/hub/status 404 2 ms - 211 
[38;5;86m[HTTP][0m [37m--&gt;[39m [37mGET[39m [37m/wd/hub/status[39m {}
[38;5;86m[HTTP][0m No route found for /wd/hub/status
[38;5;86m[HTTP][0m &lt;-- GET /wd/hub/status 404 1 ms - 211 
[38;5;86m[HTTP][0m [37m--&gt;[39m [37mGET[39m [37m/wd/hub/status[39m {}
[38;5;86m[HTTP][0m No route found for /wd/hub/status
[38;5;86m[HTTP][0m &lt;-- GET /wd/hub/status 404 1 ms - 211 
[38;5;86m[HTTP][0m [37m--&gt;[39m [37mGET[39m [37m/wd/hub/status[39m {}
[38;5;86m[HTTP][0m No route found for /wd/hub/status
[38;5;86m[HTTP][0m &lt;-- GET /wd/hub/status 404 1 ms - 211 
[38;5;86m[HTTP][0m [37m--&gt;[39m [37mGET[39m [37m/wd/hub/status[39m {}
[38;5;86m[HTTP][0m No route found for /wd/hub/status
[38;5;86m[HTTP][0m &lt;-- GET /wd/hub/status 404 1 ms - 211 
[38;5;86m[HTTP][0m [37m--&gt;[39m [37mGET[39m [37m/wd/hub/status[39m {}
[38;5;86m[HTTP][0m No route found for /wd/hub/status
[38;5;86m[HTTP][0m &lt;-- GET /wd/hub/status 404 1 ms - 211 
[38;5;86m[HTTP][0m [37m--&gt;[39m [37mGET[39m [37m/wd/hub/status[39m {}
[38;5;86m[HTTP][0m No route found for /wd/hub/status
[38;5;86m[HTTP][0m &lt;-- GET /wd/hub/status 404 1 ms - 211 
[38;5;86m[HTTP][0m [37m--&gt;[39m [37mGET[39m [37m/wd/hub/status[39m {}
[38;5;86m[HTTP][0m No route found for /wd/hub/status
[38;5;86m[HTTP][0m &lt;-- GET /wd/hub/status 404 1 ms - 211 
[38;5;86m[HTTP][0m [37m--&gt;[39m [37mGET[39m [37m/wd/hub/status[39m {}
[38;5;86m[HTTP][0m No route found for /wd/hub/status
[38;5;86m[HTTP][0m &lt;-- GET /wd/hub/status 404 2 ms - 211 
[38;5;86m[HTTP][0m [37m--&gt;[39m [37mGET[39m [37m/wd/hub/status[39m {}
[38;5;86m[HTTP][0m No route found for /wd/hub/status
[38;5;86m[HTTP][0m &lt;-- GET /wd/hub/status 404 1 ms - 211 
[38;5;86m[HTTP][0m [37m--&gt;[39m [37mGET[39m [37m/wd/hub/status[39m {}
[38;5;86m[HTTP][0m No route found for /wd/hub/status
[38;5;86m[HTTP][0m &lt;-- GET /wd/hub/status 404 1 ms - 211 
[38;5;86m[HTTP][0m [37m--&gt;[39m [37mGET[39m [37m/wd/hub/status[39m {}
[38;5;86m[HTTP][0m No route found for /wd/hub/status
[38;5;86m[HTTP][0m &lt;-- GET /wd/hub/status 404 1 ms - 211 
[38;5;86m[HTTP][0m [37m--&gt;[39m [37mGET[39m [37m/wd/hub/status[39m {}
[38;5;86m[HTTP][0m No route found for /wd/hub/status
[38;5;86m[HTTP][0m &lt;-- GET /wd/hub/status 404 1 ms - 211 
[38;5;86m[HTTP][0m [37m--&gt;[39m [37mGET[39m [37m/wd/hub/status[39m {}
[38;5;86m[HTTP][0m No route found for /wd/hub/status
[38;5;86m[HTTP][0m &lt;-- GET /wd/hub/status 404 1 ms - 211 
[38;5;86m[HTTP][0m [37m--&gt;[39m [37mGET[39m [37m/wd/hub/status[39m {}
[38;5;86m[HTTP][0m No route found for /wd/hub/status
[38;5;86m[HTTP][0m &lt;-- GET /wd/hub/status 404 2 ms - 211 
[38;5;86m[HTTP][0m [37m--&gt;[39m [37mGET[39m [37m/wd/hub/status[39m {}
[38;5;86m[HTTP][0m No route found for /wd/hub/status
[38;5;86m[HTTP][0m &lt;-- GET /wd/hub/status 404 2 ms - 211 
[38;5;86m[HTTP][0m [37m--&gt;[39m [37mGET[39m [37m/wd/hub/status[39m {}
[38;5;86m[HTTP][0m No route found for /wd/hub/status
[38;5;86m[HTTP][0m &lt;-- GET /wd/hub/status 404 2 ms - 211 
[38;5;86m[HTTP][0m [37m--&gt;[39m [37mGET[39m [37m/wd/hub/status[39m {}
[38;5;86m[HTTP][0m No route found for /wd/hub/status
[38;5;86m[HTTP][0m &lt;-- GET /wd/hub/status 404 2 ms - 211 
[38;5;86m[HTTP][0m [37m--&gt;[39m [37mGET[39m [37m/wd/hub/status[39m {}
[38;5;86m[HTTP][0m No route found for /wd/hub/status
[38;5;86m[HTTP][0m &lt;-- GET /wd/hub/status 404 2 ms - 211 
[38;5;86m[HTTP][0m [37m--&gt;[39m [37mGET[39m [37m/wd/hub/status[39m {}
[38;5;86m[HTTP][0m No route found for /wd/hub/status
[38;5;86m[HTTP][0m &lt;-- GET /wd/hub/status 404 1 ms - 211 
[38;5;86m[HTTP][0m [37m--&gt;[39m [37mGET[39m [37m/wd/hub/status[39m {}
[38;5;86m[HTTP][0m No route found for /wd/hub/status
[38;5;86m[HTTP][0m &lt;-- GET /wd/hub/status 404 2 ms - 211 
[38;5;86m[HTTP][0m [37m--&gt;[39m [37mGET[39m [37m/wd/hub/status[39m {}
[38;5;86m[HTTP][0m No route found for /wd/hub/status
[38;5;86m[HTTP][0m &lt;-- GET /wd/hub/status 404 1 ms - 211 
[38;5;86m[HTTP][0m [37m--&gt;[39m [37mGET[39m [37m/wd/hub/status[39m {}
[38;5;86m[HTTP][0m No route found for /wd/hub/status
[38;5;86m[HTTP][0m &lt;-- GET /wd/hub/status 404 2 ms - 211 
[38;5;86m[HTTP][0m [37m--&gt;[39m [37mGET[39m [37m/wd/hub/status[39m {}
[38;5;86m[HTTP][0m No route found for /wd/hub/status
[38;5;86m[HTTP][0m &lt;-- GET /wd/hub/status 404 2 ms - 211 
[38;5;86m[HTTP][0m [37m--&gt;[39m [37mGET[39m [37m/wd/hub/status[39m {}
[38;5;86m[HTTP][0m No route found for /wd/hub/status
[38;5;86m[HTTP][0m &lt;-- GET /wd/hub/status 404 2 ms - 211 
[38;5;86m[HTTP][0m [37m--&gt;[39m [37mGET[39m [37m/wd/hub/status[39m {}
[38;5;86m[HTTP][0m No route found for /wd/hub/status
[38;5;86m[HTTP][0m &lt;-- GET /wd/hub/status 404 1 ms - 211 
[38;5;86m[HTTP][0m [37m--&gt;[39m [37mGET[39m [37m/wd/hub/status[39m {}
[38;5;86m[HTTP][0m No route found for /wd/hub/status
[38;5;86m[HTTP][0m &lt;-- GET /wd/hub/status 404 2 ms - 211 
[38;5;86m[HTTP][0m [37m--&gt;[39m [37mGET[39m [37m/wd/hub/status[39m {}
[38;5;86m[HTTP][0m No route found for /wd/hub/status
[38;5;86m[HTTP][0m &lt;-- GET /wd/hub/status 404 1 ms - 211 
[38;5;86m[HTTP][0m [37m--&gt;[39m [37mGET[39m [37m/wd/hub/status[39m {}
[38;5;86m[HTTP][0m No route found for /wd/hub/status
[38;5;86m[HTTP][0m &lt;-- GET /wd/hub/status 404 2 ms - 211 
[38;5;86m[HTTP][0m [37m--&gt;[39m [37mGET[39m [37m/wd/hub/status[39m {}
[38;5;86m[HTTP][0m No route found for /wd/hub/status
[38;5;86m[HTTP][0m &lt;-- GET /wd/hub/status 404 2 ms - 211 
[38;5;86m[HTTP][0m [37m--&gt;[39m [37mGET[39m [37m/wd/hub/status[39m {}
[38;5;86m[HTTP][0m No route found for /wd/hub/status
[38;5;86m[HTTP][0m &lt;-- GET /wd/hub/status 404 1 ms - 211 
[38;5;86m[HTTP][0m [37m--&gt;[39m [37mGET[39m [37m/wd/hub/status[39m {}
[38;5;86m[HTTP][0m No route found for /wd/hub/status
[38;5;86m[HTTP][0m &lt;-- GET /wd/hub/status 404 2 ms - 211 
[38;5;86m[HTTP][0m [37m--&gt;[39m [37mGET[39m [37m/wd/hub/status[39m {}
[38;5;86m[HTTP][0m No route found for /wd/hub/status
[38;5;86m[HTTP][0m &lt;-- GET /wd/hub/status 404 1 ms - 211 
[38;5;86m[HTTP][0m [37m--&gt;[39m [37mGET[39m [37m/wd/hub/status[39m {}
[38;5;86m[HTTP][0m No route found for /wd/hub/status
[38;5;86m[HTTP][0m &lt;-- GET /wd/hub/status 404 2 ms - 211 
[38;5;86m[HTTP][0m [37m--&gt;[39m [37mGET[39m [37m/wd/hub/status[39m {}
[38;5;86m[HTTP][0m No route found for /wd/hub/status
[38;5;86m[HTTP][0m &lt;-- GET /wd/hub/status 404 1 ms - 211 
[38;5;86m[HTTP][0m [37m--&gt;[39m [37mGET[39m [37m/wd/hub/status[39m {}
[38;5;86m[HTTP][0m No route found for /wd/hub/status
[38;5;86m[HTTP][0m &lt;-- GET /wd/hub/status 404 2 ms - 211 
[38;5;86m[HTTP][0m [37m--&gt;[39m [37mGET[39m [37m/wd/hub/status[39m {}
[38;5;86m[HTTP][0m No route found for /wd/hub/status
[38;5;86m[HTTP][0m &lt;-- GET /wd/hub/status 404 0 ms - 211 
[38;5;86m[HTTP][0m [37m--&gt;[39m [37mGET[39m [37m/wd/hub/status[39m {}
[38;5;86m[HTTP][0m No route found for /wd/hub/status
[38;5;86m[HTTP][0m &lt;-- GET /wd/hub/status 404 2 ms - 211 
[38;5;86m[HTTP][0m [37m--&gt;[39m [37mGET[39m [37m/wd/hub/status[39m {}
[38;5;86m[HTTP][0m No route found for /wd/hub/status
[38;5;86m[HTTP][0m &lt;-- GET /wd/hub/status 404 1 ms - 211 
[38;5;86m[HTTP][0m [37m--&gt;[39m [37mGET[39m [37m/wd/hub/status[39m {}
[38;5;86m[HTTP][0m No route found for /wd/hub/status
[38;5;86m[HTTP][0m &lt;-- GET /wd/hub/status 404 2 ms - 211 
[38;5;86m[HTTP][0m [37m--&gt;[39m [37mGET[39m [37m/wd/hub/status[39m {}
[38;5;86m[HTTP][0m No route found for /wd/hub/status
[38;5;86m[HTTP][0m &lt;-- GET /wd/hub/status 404 1 ms - 211 
[38;5;86m[HTTP][0m [37m--&gt;[39m [37mGET[39m [37m/wd/hub/status[39m {}
[38;5;86m[HTTP][0m No route found for /wd/hub/status
[38;5;86m[HTTP][0m &lt;-- GET /wd/hub/status 404 2 ms - 211 
[38;5;86m[HTTP][0m [37m--&gt;[39m [37mGET[39m [37m/wd/hub/status[39m {}
[38;5;86m[HTTP][0m No route found for /wd/hub/status
[38;5;86m[HTTP][0m &lt;-- GET /wd/hub/status 404 1 ms - 211 
[38;5;86m[HTTP][0m [37m--&gt;[39m [37mGET[39m [37m/wd/hub/status[39m {}
[38;5;86m[HTTP][0m No route found for /wd/hub/status
[38;5;86m[HTTP][0m &lt;-- GET /wd/hub/status 404 1 ms - 211 
[38;5;86m[HTTP][0m [37m--&gt;[39m [37mGET[39m [37m/wd/hub/status[39m {}
[38;5;86m[HTTP][0m No route found for /wd/hub/status
[38;5;86m[HTTP][0m &lt;-- GET /wd/hub/status 404 3 ms - 211 
[38;5;86m[HTTP][0m [37m--&gt;[39m [37mGET[39m [37m/wd/hub/status[39m {}
[38;5;86m[HTTP][0m No route found for /wd/hub/status
[38;5;86m[HTTP][0m &lt;-- GET /wd/hub/status 404 1 ms - 211 
[38;5;86m[HTTP][0m [37m--&gt;[39m [37mGET[39m [37m/wd/hub/status[39m {}
[38;5;86m[HTTP][0m No route found for /wd/hub/status
[38;5;86m[HTTP][0m &lt;-- GET /wd/hub/status 404 1 ms - 211 
[38;5;86m[HTTP][0m [37m--&gt;[39m [37mGET[39m [37m/wd/hub/status[39m {}
[38;5;86m[HTTP][0m No route found for /wd/hub/status
[38;5;86m[HTTP][0m &lt;-- GET /wd/hub/status 404 1 ms - 211 
[38;5;86m[HTTP][0m [37m--&gt;[39m [37mGET[39m [37m/wd/hub/status[39m {}
[38;5;86m[HTTP][0m No route found for /wd/hub/status
[38;5;86m[HTTP][0m &lt;-- GET /wd/hub/status 404 1 ms - 211 
[38;5;86m[HTTP][0m [37m--&gt;[39m [37mGET[39m [37m/wd/hub/status[39m {}
[38;5;86m[HTTP][0m No route found for /wd/hub/status
[38;5;86m[HTTP][0m &lt;-- GET /wd/hub/status 404 1 ms - 211 
[38;5;86m[HTTP][0m [37m--&gt;[39m [37mGET[39m [37m/wd/hub/status[39m {}
[38;5;86m[HTTP][0m No route found for /wd/hub/status
[38;5;86m[HTTP][0m &lt;-- GET /wd/hub/status 404 1 ms - 211 
[38;5;86m[HTTP][0m [37m--&gt;[39m [37mGET[39m [37m/wd/hub/status[39m {}
[38;5;86m[HTTP][0m No route found for /wd/hub/status
[38;5;86m[HTTP][0m &lt;-- GET /wd/hub/status 404 1 ms - 211 
[38;5;86m[HTTP][0m [37m--&gt;[39m [37mGET[39m [37m/wd/hub/status[39m {}
[38;5;86m[HTTP][0m No route found for /wd/hub/status
[38;5;86m[HTTP][0m &lt;-- GET /wd/hub/status 404 1 ms - 211 
[38;5;86m[HTTP][0m [37m--&gt;[39m [37mGET[39m [37m/wd/hub/status[39m {}
[38;5;86m[HTTP][0m No route found for /wd/hub/status
[38;5;86m[HTTP][0m &lt;-- GET /wd/hub/status 404 2 ms - 211 
[38;5;86m[HTTP][0m [37m--&gt;[39m [37mGET[39m [37m/wd/hub/status[39m {}
[38;5;86m[HTTP][0m No route found for /wd/hub/status
[38;5;86m[HTTP][0m &lt;-- GET /wd/hub/status 404 2 ms - 211 
[38;5;86m[HTTP][0m [37m--&gt;[39m [37mGET[39m [37m/wd/hub/status[39m {}
[38;5;86m[HTTP][0m No route found for /wd/hub/status
[38;5;86m[HTTP][0m &lt;-- GET /wd/hub/status 404 2 ms - 211 
[38;5;86m[HTTP][0m [37m--&gt;[39m [37mGET[39m [37m/wd/hub/status[39m {}
[38;5;86m[HTTP][0m No route found for /wd/hub/status
[38;5;86m[HTTP][0m &lt;-- GET /wd/hub/status 404 2 ms - 211 
[38;5;86m[HTTP][0m [37m--&gt;[39m [37mGET[39m [37m/wd/hub/status[39m {}
[38;5;86m[HTTP][0m No route found for /wd/hub/status
[38;5;86m[HTTP][0m &lt;-- GET /wd/hub/status 404 1 ms - 211 
[38;5;86m[HTTP][0m [37m--&gt;[39m [37mGET[39m [37m/wd/hub/status[39m {}
[38;5;86m[HTTP][0m No route found for /wd/hub/status
[38;5;86m[HTTP][0m &lt;-- GET /wd/hub/status 404 2 ms - 211 
[38;5;86m[HTTP][0m [37m--&gt;[39m [37mGET[39m [37m/wd/hub/status[39m {}
[38;5;86m[HTTP][0m No route found for /wd/hub/status
[38;5;86m[HTTP][0m &lt;-- GET /wd/hub/status 404 1 ms - 211 
[38;5;86m[HTTP][0m [37m--&gt;[39m [37mGET[39m [37m/wd/hub/status[39m {}
[38;5;86m[HTTP][0m No route found for /wd/hub/status
[38;5;86m[HTTP][0m &lt;-- GET /wd/hub/status 404 1 ms - 211 
[38;5;86m[HTTP][0m [37m--&gt;[39m [37mGET[39m [37m/wd/hub/status[39m {}
[38;5;86m[HTTP][0m No route found for /wd/hub/status
[38;5;86m[HTTP][0m &lt;-- GET /wd/hub/status 404 1 ms - 211 
[38;5;86m[HTTP][0m [37m--&gt;[39m [37mGET[39m [37m/wd/hub/status[39m {}
[38;5;86m[HTTP][0m No route found for /wd/hub/status
[38;5;86m[HTTP][0m &lt;-- GET /wd/hub/status 404 1 ms - 211 
[38;5;86m[HTTP][0m [37m--&gt;[39m [37mGET[39m [37m/wd/hub/status[39m {}
[38;5;86m[HTTP][0m No route found for /wd/hub/status
[38;5;86m[HTTP][0m &lt;-- GET /wd/hub/status 404 1 ms - 211 
[38;5;86m[HTTP][0m [37m--&gt;[39m [37mGET[39m [37m/wd/hub/status[39m {}
[38;5;86m[HTTP][0m No route found for /wd/hub/status
[38;5;86m[HTTP][0m &lt;-- GET /wd/hub/status 404 2 ms - 211 
[38;5;86m[HTTP][0m [37m--&gt;[39m [37mGET[39m [37m/wd/hub/status[39m {}
[38;5;86m[HTTP][0m No route found for /wd/hub/status
[38;5;86m[HTTP][0m &lt;-- GET /wd/hub/status 404 2 ms - 211 
[38;5;86m[HTTP][0m [37m--&gt;[39m [37mGET[39m [37m/wd/hub/status[39m {}
[38;5;86m[HTTP][0m No route found for /wd/hub/status
[38;5;86m[HTTP][0m &lt;-- GET /wd/hub/status 404 1 ms - 211 
[38;5;86m[HTTP][0m [37m--&gt;[39m [37mGET[39m [37m/wd/hub/status[39m {}
[38;5;86m[HTTP][0m No route found for /wd/hub/status
[38;5;86m[HTTP][0m &lt;-- GET /wd/hub/status 404 1 ms - 211 
[38;5;86m[HTTP][0m [37m--&gt;[39m [37mGET[39m [37m/wd/hub/status[39m {}
[38;5;86m[HTTP][0m No route found for /wd/hub/status
[38;5;86m[HTTP][0m &lt;-- GET /wd/hub/status 404 1 ms - 211 
[38;5;86m[HTTP][0m [37m--&gt;[39m [37mGET[39m [37m/wd/hub/status[39m {}
[38;5;86m[HTTP][0m No route found for /wd/hub/status
[38;5;86m[HTTP][0m &lt;-- GET /wd/hub/status 404 2 ms - 211 
[38;5;86m[HTTP][0m [37m--&gt;[39m [37mGET[39m [37m/wd/hub/status[39m {}
[38;5;86m[HTTP][0m No route found for /wd/hub/status
[38;5;86m[HTTP][0m &lt;-- GET /wd/hub/status 404 2 ms - 211 
[38;5;86m[HTTP][0m [37m--&gt;[39m [37mGET[39m [37m/wd/hub/status[39m {}
[38;5;86m[HTTP][0m No route found for /wd/hub/status
[38;5;86m[HTTP][0m &lt;-- GET /wd/hub/status 404 1 ms - 211 
[38;5;86m[HTTP][0m [37m--&gt;[39m [37mGET[39m [37m/wd/hub/status[39m {}
[38;5;86m[HTTP][0m No route found for /wd/hub/status
[38;5;86m[HTTP][0m &lt;-- GET /wd/hub/status 404 2 ms - 211 
[38;5;86m[HTTP][0m [37m--&gt;[39m [37mGET[39m [37m/wd/hub/status[39m {}
[38;5;86m[HTTP][0m No route found for /wd/hub/status
[38;5;86m[HTTP][0m &lt;-- GET /wd/hub/status 404 2 ms - 211 
[38;5;86m[HTTP][0m [37m--&gt;[39m [37mGET[39m [37m/wd/hub/status[39m {}
[38;5;86m[HTTP][0m No route found for /wd/hub/status
[38;5;86m[HTTP][0m &lt;-- GET /wd/hub/status 404 2 ms - 211 
[38;5;86m[HTTP][0m [37m--&gt;[39m [37mGET[39m [37m/wd/hub/status[39m {}
[38;5;86m[HTTP][0m No route found for /wd/hub/status
[38;5;86m[HTTP][0m &lt;-- GET /wd/hub/status 404 2 ms - 211 
[38;5;86m[HTTP][0m [37m--&gt;[39m [37mGET[39m [37m/wd/hub/status[39m {}
[38;5;86m[HTTP][0m No route found for /wd/hub/status
[38;5;86m[HTTP][0m &lt;-- GET /wd/hub/status 404 2 ms - 211 
[38;5;86m[HTTP][0m [37m--&gt;[39m [37mGET[39m [37m/wd/hub/status[39m {}
[38;5;86m[HTTP][0m No route found for /wd/hub/status
[38;5;86m[HTTP][0m &lt;-- GET /wd/hub/status 404 2 ms - 211 
[38;5;86m[HTTP][0m [37m--&gt;[39m [37mGET[39m [37m/wd/hub/status[39m {}
[38;5;86m[HTTP][0m No route found for /wd/hub/status
[38;5;86m[HTTP][0m &lt;-- GET /wd/hub/status 404 1 ms - 211 

" type="io.appium.java_client.service.local.AppiumServerHasNotBeenStartedLocallyException">
      <![CDATA[io.appium.java_client.service.local.AppiumServerHasNotBeenStartedLocallyException: The local appium server has not been started. The given Node.js executable: /Users/Prati/.nvm/versions/node/v18.19.0/bin/node Arguments: [/Users/Prati/.nvm/versions/node/v18.19.0/bin/appium, --port, 4723, --address, 127.0.0.1] 
Process output: atus[39m {}
[38;5;86m[HTTP][0m No route found for /wd/hub/status
[38;5;86m[HTTP][0m <-- GET /wd/hub/status 404 1 ms - 211 
[38;5;86m[HTTP][0m [37m-->[39m [37mGET[39m [37m/wd/hub/status[39m {}
[38;5;86m[HTTP][0m No route found for /wd/hub/status
[38;5;86m[HTTP][0m <-- GET /wd/hub/status 404 2 ms - 211 
[38;5;86m[HTTP][0m [37m-->[39m [37mGET[39m [37m/wd/hub/status[39m {}
[38;5;86m[HTTP][0m No route found for /wd/hub/status
[38;5;86m[HTTP][0m <-- GET /wd/hub/status 404 1 ms - 211 
[38;5;86m[HTTP][0m [37m-->[39m [37mGET[39m [37m/wd/hub/status[39m {}
[38;5;86m[HTTP][0m No route found for /wd/hub/status
[38;5;86m[HTTP][0m <-- GET /wd/hub/status 404 2 ms - 211 
[38;5;86m[HTTP][0m [37m-->[39m [37mGET[39m [37m/wd/hub/status[39m {}
[38;5;86m[HTTP][0m No route found for /wd/hub/status
[38;5;86m[HTTP][0m <-- GET /wd/hub/status 404 3 ms - 211 
[38;5;86m[HTTP][0m [37m-->[39m [37mGET[39m [37m/wd/hub/status[39m {}
[38;5;86m[HTTP][0m No route found for /wd/hub/status
[38;5;86m[HTTP][0m <-- GET /wd/hub/status 404 2 ms - 211 
[38;5;86m[HTTP][0m [37m-->[39m [37mGET[39m [37m/wd/hub/status[39m {}
[38;5;86m[HTTP][0m No route found for /wd/hub/status
[38;5;86m[HTTP][0m <-- GET /wd/hub/status 404 2 ms - 211 
[38;5;86m[HTTP][0m [37m-->[39m [37mGET[39m [37m/wd/hub/status[39m {}
[38;5;86m[HTTP][0m No route found for /wd/hub/status
[38;5;86m[HTTP][0m <-- GET /wd/hub/status 404 1 ms - 211 
[38;5;86m[HTTP][0m [37m-->[39m [37mGET[39m [37m/wd/hub/status[39m {}
[38;5;86m[HTTP][0m No route found for /wd/hub/status
[38;5;86m[HTTP][0m <-- GET /wd/hub/status 404 1 ms - 211 
[38;5;86m[HTTP][0m [37m-->[39m [37mGET[39m [37m/wd/hub/status[39m {}
[38;5;86m[HTTP][0m No route found for /wd/hub/status
[38;5;86m[HTTP][0m <-- GET /wd/hub/status 404 0 ms - 211 
[38;5;86m[HTTP][0m [37m-->[39m [37mGET[39m [37m/wd/hub/status[39m {}
[38;5;86m[HTTP][0m No route found for /wd/hub/status
[38;5;86m[HTTP][0m <-- GET /wd/hub/status 404 0 ms - 211 
[38;5;86m[HTTP][0m [37m-->[39m [37mGET[39m [37m/wd/hub/status[39m {}
[38;5;86m[HTTP][0m No route found for /wd/hub/status
[38;5;86m[HTTP][0m <-- GET /wd/hub/status 404 0 ms - 211 
[38;5;86m[HTTP][0m [37m-->[39m [37mGET[39m [37m/wd/hub/status[39m {}
[38;5;86m[HTTP][0m No route found for /wd/hub/status
[38;5;86m[HTTP][0m <-- GET /wd/hub/status 404 0 ms - 211 
[38;5;86m[HTTP][0m [37m-->[39m [37mGET[39m [37m/wd/hub/status[39m {}
[38;5;86m[HTTP][0m No route found for /wd/hub/status
[38;5;86m[HTTP][0m <-- GET /wd/hub/status 404 1 ms - 211 
[38;5;86m[HTTP][0m [37m-->[39m [37mGET[39m [37m/wd/hub/status[39m {}
[38;5;86m[HTTP][0m No route found for /wd/hub/status
[38;5;86m[HTTP][0m <-- GET /wd/hub/status 404 1 ms - 211 
[38;5;86m[HTTP][0m [37m-->[39m [37mGET[39m [37m/wd/hub/status[39m {}
[38;5;86m[HTTP][0m No route found for /wd/hub/status
[38;5;86m[HTTP][0m <-- GET /wd/hub/status 404 2 ms - 211 
[38;5;86m[HTTP][0m [37m-->[39m [37mGET[39m [37m/wd/hub/status[39m {}
[38;5;86m[HTTP][0m No route found for /wd/hub/status
[38;5;86m[HTTP][0m <-- GET /wd/hub/status 404 1 ms - 211 
[38;5;86m[HTTP][0m [37m-->[39m [37mGET[39m [37m/wd/hub/status[39m {}
[38;5;86m[HTTP][0m No route found for /wd/hub/status
[38;5;86m[HTTP][0m <-- GET /wd/hub/status 404 1 ms - 211 
[38;5;86m[HTTP][0m [37m-->[39m [37mGET[39m [37m/wd/hub/status[39m {}
[38;5;86m[HTTP][0m No route found for /wd/hub/status
[38;5;86m[HTTP][0m <-- GET /wd/hub/status 404 1 ms - 211 
[38;5;86m[HTTP][0m [37m-->[39m [37mGET[39m [37m/wd/hub/status[39m {}
[38;5;86m[HTTP][0m No route found for /wd/hub/status
[38;5;86m[HTTP][0m <-- GET /wd/hub/status 404 1 ms - 211 
[38;5;86m[HTTP][0m [37m-->[39m [37mGET[39m [37m/wd/hub/status[39m {}
[38;5;86m[HTTP][0m No route found for /wd/hub/status
[38;5;86m[HTTP][0m <-- GET /wd/hub/status 404 2 ms - 211 
[38;5;86m[HTTP][0m [37m-->[39m [37mGET[39m [37m/wd/hub/status[39m {}
[38;5;86m[HTTP][0m No route found for /wd/hub/status
[38;5;86m[HTTP][0m <-- GET /wd/hub/status 404 1 ms - 211 
[38;5;86m[HTTP][0m [37m-->[39m [37mGET[39m [37m/wd/hub/status[39m {}
[38;5;86m[HTTP][0m No route found for /wd/hub/status
[38;5;86m[HTTP][0m <-- GET /wd/hub/status 404 1 ms - 211 
[38;5;86m[HTTP][0m [37m-->[39m [37mGET[39m [37m/wd/hub/status[39m {}
[38;5;86m[HTTP][0m No route found for /wd/hub/status
[38;5;86m[HTTP][0m <-- GET /wd/hub/status 404 1 ms - 211 
[38;5;86m[HTTP][0m [37m-->[39m [37mGET[39m [37m/wd/hub/status[39m {}
[38;5;86m[HTTP][0m No route found for /wd/hub/status
[38;5;86m[HTTP][0m <-- GET /wd/hub/status 404 1 ms - 211 
[38;5;86m[HTTP][0m [37m-->[39m [37mGET[39m [37m/wd/hub/status[39m {}
[38;5;86m[HTTP][0m No route found for /wd/hub/status
[38;5;86m[HTTP][0m <-- GET /wd/hub/status 404 2 ms - 211 
[38;5;86m[HTTP][0m [37m-->[39m [37mGET[39m [37m/wd/hub/status[39m {}
[38;5;86m[HTTP][0m No route found for /wd/hub/status
[38;5;86m[HTTP][0m <-- GET /wd/hub/status 404 2 ms - 211 
[38;5;86m[HTTP][0m [37m-->[39m [37mGET[39m [37m/wd/hub/status[39m {}
[38;5;86m[HTTP][0m No route found for /wd/hub/status
[38;5;86m[HTTP][0m <-- GET /wd/hub/status 404 2 ms - 211 
[38;5;86m[HTTP][0m [37m-->[39m [37mGET[39m [37m/wd/hub/status[39m {}
[38;5;86m[HTTP][0m No route found for /wd/hub/status
[38;5;86m[HTTP][0m <-- GET /wd/hub/status 404 1 ms - 211 
[38;5;86m[HTTP][0m [37m-->[39m [37mGET[39m [37m/wd/hub/status[39m {}
[38;5;86m[HTTP][0m No route found for /wd/hub/status
[38;5;86m[HTTP][0m <-- GET /wd/hub/status 404 1 ms - 211 
[38;5;86m[HTTP][0m [37m-->[39m [37mGET[39m [37m/wd/hub/status[39m {}
[38;5;86m[HTTP][0m No route found for /wd/hub/status
[38;5;86m[HTTP][0m <-- GET /wd/hub/status 404 2 ms - 211 
[38;5;86m[HTTP][0m [37m-->[39m [37mGET[39m [37m/wd/hub/status[39m {}
[38;5;86m[HTTP][0m No route found for /wd/hub/status
[38;5;86m[HTTP][0m <-- GET /wd/hub/status 404 1 ms - 211 
[38;5;86m[HTTP][0m [37m-->[39m [37mGET[39m [37m/wd/hub/status[39m {}
[38;5;86m[HTTP][0m No route found for /wd/hub/status
[38;5;86m[HTTP][0m <-- GET /wd/hub/status 404 1 ms - 211 
[38;5;86m[HTTP][0m [37m-->[39m [37mGET[39m [37m/wd/hub/status[39m {}
[38;5;86m[HTTP][0m No route found for /wd/hub/status
[38;5;86m[HTTP][0m <-- GET /wd/hub/status 404 2 ms - 211 
[38;5;86m[HTTP][0m [37m-->[39m [37mGET[39m [37m/wd/hub/status[39m {}
[38;5;86m[HTTP][0m No route found for /wd/hub/status
[38;5;86m[HTTP][0m <-- GET /wd/hub/status 404 1 ms - 211 
[38;5;86m[HTTP][0m [37m-->[39m [37mGET[39m [37m/wd/hub/status[39m {}
[38;5;86m[HTTP][0m No route found for /wd/hub/status
[38;5;86m[HTTP][0m <-- GET /wd/hub/status 404 1 ms - 211 
[38;5;86m[HTTP][0m [37m-->[39m [37mGET[39m [37m/wd/hub/status[39m {}
[38;5;86m[HTTP][0m No route found for /wd/hub/status
[38;5;86m[HTTP][0m <-- GET /wd/hub/status 404 2 ms - 211 
[38;5;86m[HTTP][0m [37m-->[39m [37mGET[39m [37m/wd/hub/status[39m {}
[38;5;86m[HTTP][0m No route found for /wd/hub/status
[38;5;86m[HTTP][0m <-- GET /wd/hub/status 404 2 ms - 211 
[38;5;86m[HTTP][0m [37m-->[39m [37mGET[39m [37m/wd/hub/status[39m {}
[38;5;86m[HTTP][0m No route found for /wd/hub/status
[38;5;86m[HTTP][0m <-- GET /wd/hub/status 404 2 ms - 211 
[38;5;86m[HTTP][0m [37m-->[39m [37mGET[39m [37m/wd/hub/status[39m {}
[38;5;86m[HTTP][0m No route found for /wd/hub/status
[38;5;86m[HTTP][0m <-- GET /wd/hub/status 404 2 ms - 211 
[38;5;86m[HTTP][0m [37m-->[39m [37mGET[39m [37m/wd/hub/status[39m {}
[38;5;86m[HTTP][0m No route found for /wd/hub/status
[38;5;86m[HTTP][0m <-- GET /wd/hub/status 404 1 ms - 211 
[38;5;86m[HTTP][0m [37m-->[39m [37mGET[39m [37m/wd/hub/status[39m {}
[38;5;86m[HTTP][0m No route found for /wd/hub/status
[38;5;86m[HTTP][0m <-- GET /wd/hub/status 404 1 ms - 211 
[38;5;86m[HTTP][0m [37m-->[39m [37mGET[39m [37m/wd/hub/status[39m {}
[38;5;86m[HTTP][0m No route found for /wd/hub/status
[38;5;86m[HTTP][0m <-- GET /wd/hub/status 404 0 ms - 211 
[38;5;86m[HTTP][0m [37m-->[39m [37mGET[39m [37m/wd/hub/status[39m {}
[38;5;86m[HTTP][0m No route found for /wd/hub/status
[38;5;86m[HTTP][0m <-- GET /wd/hub/status 404 2 ms - 211 
[38;5;86m[HTTP][0m [37m-->[39m [37mGET[39m [37m/wd/hub/status[39m {}
[38;5;86m[HTTP][0m No route found for /wd/hub/status
[38;5;86m[HTTP][0m <-- GET /wd/hub/status 404 1 ms - 211 
[38;5;86m[HTTP][0m [37m-->[39m [37mGET[39m [37m/wd/hub/status[39m {}
[38;5;86m[HTTP][0m No route found for /wd/hub/status
[38;5;86m[HTTP][0m <-- GET /wd/hub/status 404 1 ms - 211 
[38;5;86m[HTTP][0m [37m-->[39m [37mGET[39m [37m/wd/hub/status[39m {}
[38;5;86m[HTTP][0m No route found for /wd/hub/status
[38;5;86m[HTTP][0m <-- GET /wd/hub/status 404 2 ms - 211 
[38;5;86m[HTTP][0m [37m-->[39m [37mGET[39m [37m/wd/hub/status[39m {}
[38;5;86m[HTTP][0m No route found for /wd/hub/status
[38;5;86m[HTTP][0m <-- GET /wd/hub/status 404 2 ms - 211 
[38;5;86m[HTTP][0m [37m-->[39m [37mGET[39m [37m/wd/hub/status[39m {}
[38;5;86m[HTTP][0m No route found for /wd/hub/status
[38;5;86m[HTTP][0m <-- GET /wd/hub/status 404 1 ms - 211 
[38;5;86m[HTTP][0m [37m-->[39m [37mGET[39m [37m/wd/hub/status[39m {}
[38;5;86m[HTTP][0m No route found for /wd/hub/status
[38;5;86m[HTTP][0m <-- GET /wd/hub/status 404 1 ms - 211 
[38;5;86m[HTTP][0m [37m-->[39m [37mGET[39m [37m/wd/hub/status[39m {}
[38;5;86m[HTTP][0m No route found for /wd/hub/status
[38;5;86m[HTTP][0m <-- GET /wd/hub/status 404 1 ms - 211 
[38;5;86m[HTTP][0m [37m-->[39m [37mGET[39m [37m/wd/hub/status[39m {}
[38;5;86m[HTTP][0m No route found for /wd/hub/status
[38;5;86m[HTTP][0m <-- GET /wd/hub/status 404 1 ms - 211 
[38;5;86m[HTTP][0m [37m-->[39m [37mGET[39m [37m/wd/hub/status[39m {}
[38;5;86m[HTTP][0m No route found for /wd/hub/status
[38;5;86m[HTTP][0m <-- GET /wd/hub/status 404 1 ms - 211 
[38;5;86m[HTTP][0m [37m-->[39m [37mGET[39m [37m/wd/hub/status[39m {}
[38;5;86m[HTTP][0m No route found for /wd/hub/status
[38;5;86m[HTTP][0m <-- GET /wd/hub/status 404 1 ms - 211 
[38;5;86m[HTTP][0m [37m-->[39m [37mGET[39m [37m/wd/hub/status[39m {}
[38;5;86m[HTTP][0m No route found for /wd/hub/status
[38;5;86m[HTTP][0m <-- GET /wd/hub/status 404 3 ms - 211 
[38;5;86m[HTTP][0m [37m-->[39m [37mGET[39m [37m/wd/hub/status[39m {}
[38;5;86m[HTTP][0m No route found for /wd/hub/status
[38;5;86m[HTTP][0m <-- GET /wd/hub/status 404 2 ms - 211 
[38;5;86m[HTTP][0m [37m-->[39m [37mGET[39m [37m/wd/hub/status[39m {}
[38;5;86m[HTTP][0m No route found for /wd/hub/status
[38;5;86m[HTTP][0m <-- GET /wd/hub/status 404 2 ms - 211 
[38;5;86m[HTTP][0m [37m-->[39m [37mGET[39m [37m/wd/hub/status[39m {}
[38;5;86m[HTTP][0m No route found for /wd/hub/status
[38;5;86m[HTTP][0m <-- GET /wd/hub/status 404 1 ms - 211 
[38;5;86m[HTTP][0m [37m-->[39m [37mGET[39m [37m/wd/hub/status[39m {}
[38;5;86m[HTTP][0m No route found for /wd/hub/status
[38;5;86m[HTTP][0m <-- GET /wd/hub/status 404 1 ms - 211 
[38;5;86m[HTTP][0m [37m-->[39m [37mGET[39m [37m/wd/hub/status[39m {}
[38;5;86m[HTTP][0m No route found for /wd/hub/status
[38;5;86m[HTTP][0m <-- GET /wd/hub/status 404 1 ms - 211 
[38;5;86m[HTTP][0m [37m-->[39m [37mGET[39m [37m/wd/hub/status[39m {}
[38;5;86m[HTTP][0m No route found for /wd/hub/status
[38;5;86m[HTTP][0m <-- GET /wd/hub/status 404 1 ms - 211 
[38;5;86m[HTTP][0m [37m-->[39m [37mGET[39m [37m/wd/hub/status[39m {}
[38;5;86m[HTTP][0m No route found for /wd/hub/status
[38;5;86m[HTTP][0m <-- GET /wd/hub/status 404 1 ms - 211 
[38;5;86m[HTTP][0m [37m-->[39m [37mGET[39m [37m/wd/hub/status[39m {}
[38;5;86m[HTTP][0m No route found for /wd/hub/status
[38;5;86m[HTTP][0m <-- GET /wd/hub/status 404 1 ms - 211 
[38;5;86m[HTTP][0m [37m-->[39m [37mGET[39m [37m/wd/hub/status[39m {}
[38;5;86m[HTTP][0m No route found for /wd/hub/status
[38;5;86m[HTTP][0m <-- GET /wd/hub/status 404 1 ms - 211 
[38;5;86m[HTTP][0m [37m-->[39m [37mGET[39m [37m/wd/hub/status[39m {}
[38;5;86m[HTTP][0m No route found for /wd/hub/status
[38;5;86m[HTTP][0m <-- GET /wd/hub/status 404 1 ms - 211 
[38;5;86m[HTTP][0m [37m-->[39m [37mGET[39m [37m/wd/hub/status[39m {}
[38;5;86m[HTTP][0m No route found for /wd/hub/status
[38;5;86m[HTTP][0m <-- GET /wd/hub/status 404 1 ms - 211 
[38;5;86m[HTTP][0m [37m-->[39m [37mGET[39m [37m/wd/hub/status[39m {}
[38;5;86m[HTTP][0m No route found for /wd/hub/status
[38;5;86m[HTTP][0m <-- GET /wd/hub/status 404 1 ms - 211 
[38;5;86m[HTTP][0m [37m-->[39m [37mGET[39m [37m/wd/hub/status[39m {}
[38;5;86m[HTTP][0m No route found for /wd/hub/status
[38;5;86m[HTTP][0m <-- GET /wd/hub/status 404 2 ms - 211 
[38;5;86m[HTTP][0m [37m-->[39m [37mGET[39m [37m/wd/hub/status[39m {}
[38;5;86m[HTTP][0m No route found for /wd/hub/status
[38;5;86m[HTTP][0m <-- GET /wd/hub/status 404 1 ms - 211 
[38;5;86m[HTTP][0m [37m-->[39m [37mGET[39m [37m/wd/hub/status[39m {}
[38;5;86m[HTTP][0m No route found for /wd/hub/status
[38;5;86m[HTTP][0m <-- GET /wd/hub/status 404 2 ms - 211 
[38;5;86m[HTTP][0m [37m-->[39m [37mGET[39m [37m/wd/hub/status[39m {}
[38;5;86m[HTTP][0m No route found for /wd/hub/status
[38;5;86m[HTTP][0m <-- GET /wd/hub/status 404 1 ms - 211 
[38;5;86m[HTTP][0m [37m-->[39m [37mGET[39m [37m/wd/hub/status[39m {}
[38;5;86m[HTTP][0m No route found for /wd/hub/status
[38;5;86m[HTTP][0m <-- GET /wd/hub/status 404 1 ms - 211 
[38;5;86m[HTTP][0m [37m-->[39m [37mGET[39m [37m/wd/hub/status[39m {}
[38;5;86m[HTTP][0m No route found for /wd/hub/status
[38;5;86m[HTTP][0m <-- GET /wd/hub/status 404 2 ms - 211 
[38;5;86m[HTTP][0m [37m-->[39m [37mGET[39m [37m/wd/hub/status[39m {}
[38;5;86m[HTTP][0m No route found for /wd/hub/status
[38;5;86m[HTTP][0m <-- GET /wd/hub/status 404 2 ms - 211 
[38;5;86m[HTTP][0m [37m-->[39m [37mGET[39m [37m/wd/hub/status[39m {}
[38;5;86m[HTTP][0m No route found for /wd/hub/status
[38;5;86m[HTTP][0m <-- GET /wd/hub/status 404 3 ms - 211 
[38;5;86m[HTTP][0m [37m-->[39m [37mGET[39m [37m/wd/hub/status[39m {}
[38;5;86m[HTTP][0m No route found for /wd/hub/status
[38;5;86m[HTTP][0m <-- GET /wd/hub/status 404 1 ms - 211 
[38;5;86m[HTTP][0m [37m-->[39m [37mGET[39m [37m/wd/hub/status[39m {}
[38;5;86m[HTTP][0m No route found for /wd/hub/status
[38;5;86m[HTTP][0m <-- GET /wd/hub/status 404 1 ms - 211 
[38;5;86m[HTTP][0m [37m-->[39m [37mGET[39m [37m/wd/hub/status[39m {}
[38;5;86m[HTTP][0m No route found for /wd/hub/status
[38;5;86m[HTTP][0m <-- GET /wd/hub/status 404 1 ms - 211 
[38;5;86m[HTTP][0m [37m-->[39m [37mGET[39m [37m/wd/hub/status[39m {}
[38;5;86m[HTTP][0m No route found for /wd/hub/status
[38;5;86m[HTTP][0m <-- GET /wd/hub/status 404 2 ms - 211 
[38;5;86m[HTTP][0m [37m-->[39m [37mGET[39m [37m/wd/hub/status[39m {}
[38;5;86m[HTTP][0m No route found for /wd/hub/status
[38;5;86m[HTTP][0m <-- GET /wd/hub/status 404 2 ms - 211 
[38;5;86m[HTTP][0m [37m-->[39m [37mGET[39m [37m/wd/hub/status[39m {}
[38;5;86m[HTTP][0m No route found for /wd/hub/status
[38;5;86m[HTTP][0m <-- GET /wd/hub/status 404 1 ms - 211 
[38;5;86m[HTTP][0m [37m-->[39m [37mGET[39m [37m/wd/hub/status[39m {}
[38;5;86m[HTTP][0m No route found for /wd/hub/status
[38;5;86m[HTTP][0m <-- GET /wd/hub/status 404 2 ms - 211 
[38;5;86m[HTTP][0m [37m-->[39m [37mGET[39m [37m/wd/hub/status[39m {}
[38;5;86m[HTTP][0m No route found for /wd/hub/status
[38;5;86m[HTTP][0m <-- GET /wd/hub/status 404 2 ms - 211 
[38;5;86m[HTTP][0m [37m-->[39m [37mGET[39m [37m/wd/hub/status[39m {}
[38;5;86m[HTTP][0m No route found for /wd/hub/status
[38;5;86m[HTTP][0m <-- GET /wd/hub/status 404 1 ms - 211 
[38;5;86m[HTTP][0m [37m-->[39m [37mGET[39m [37m/wd/hub/status[39m {}
[38;5;86m[HTTP][0m No route found for /wd/hub/status
[38;5;86m[HTTP][0m <-- GET /wd/hub/status 404 1 ms - 211 
[38;5;86m[HTTP][0m [37m-->[39m [37mGET[39m [37m/wd/hub/status[39m {}
[38;5;86m[HTTP][0m No route found for /wd/hub/status
[38;5;86m[HTTP][0m <-- GET /wd/hub/status 404 2 ms - 211 
[38;5;86m[HTTP][0m [37m-->[39m [37mGET[39m [37m/wd/hub/status[39m {}
[38;5;86m[HTTP][0m No route found for /wd/hub/status
[38;5;86m[HTTP][0m <-- GET /wd/hub/status 404 1 ms - 211 
[38;5;86m[HTTP][0m [37m-->[39m [37mGET[39m [37m/wd/hub/status[39m {}
[38;5;86m[HTTP][0m No route found for /wd/hub/status
[38;5;86m[HTTP][0m <-- GET /wd/hub/status 404 2 ms - 211 
[38;5;86m[HTTP][0m [37m-->[39m [37mGET[39m [37m/wd/hub/status[39m {}
[38;5;86m[HTTP][0m No route found for /wd/hub/status
[38;5;86m[HTTP][0m <-- GET /wd/hub/status 404 1 ms - 211 
[38;5;86m[HTTP][0m [37m-->[39m [37mGET[39m [37m/wd/hub/status[39m {}
[38;5;86m[HTTP][0m No route found for /wd/hub/status
[38;5;86m[HTTP][0m <-- GET /wd/hub/status 404 1 ms - 211 
[38;5;86m[HTTP][0m [37m-->[39m [37mGET[39m [37m/wd/hub/status[39m {}
[38;5;86m[HTTP][0m No route found for /wd/hub/status
[38;5;86m[HTTP][0m <-- GET /wd/hub/status 404 2 ms - 211 
[38;5;86m[HTTP][0m [37m-->[39m [37mGET[39m [37m/wd/hub/status[39m {}
[38;5;86m[HTTP][0m No route found for /wd/hub/status
[38;5;86m[HTTP][0m <-- GET /wd/hub/status 404 2 ms - 211 
[38;5;86m[HTTP][0m [37m-->[39m [37mGET[39m [37m/wd/hub/status[39m {}
[38;5;86m[HTTP][0m No route found for /wd/hub/status
[38;5;86m[HTTP][0m <-- GET /wd/hub/status 404 2 ms - 211 
[38;5;86m[HTTP][0m [37m-->[39m [37mGET[39m [37m/wd/hub/status[39m {}
[38;5;86m[HTTP][0m No route found for /wd/hub/status
[38;5;86m[HTTP][0m <-- GET /wd/hub/status 404 1 ms - 211 
[38;5;86m[HTTP][0m [37m-->[39m [37mGET[39m [37m/wd/hub/status[39m {}
[38;5;86m[HTTP][0m No route found for /wd/hub/status
[38;5;86m[HTTP][0m <-- GET /wd/hub/status 404 1 ms - 211 
[38;5;86m[HTTP][0m [37m-->[39m [37mGET[39m [37m/wd/hub/status[39m {}
[38;5;86m[HTTP][0m No route found for /wd/hub/status
[38;5;86m[HTTP][0m <-- GET /wd/hub/status 404 1 ms - 211 
[38;5;86m[HTTP][0m [37m-->[39m [37mGET[39m [37m/wd/hub/status[39m {}
[38;5;86m[HTTP][0m No route found for /wd/hub/status
[38;5;86m[HTTP][0m <-- GET /wd/hub/status 404 1 ms - 211 
[38;5;86m[HTTP][0m [37m-->[39m [37mGET[39m [37m/wd/hub/status[39m {}
[38;5;86m[HTTP][0m No route found for /wd/hub/status
[38;5;86m[HTTP][0m <-- GET /wd/hub/status 404 1 ms - 211 
[38;5;86m[HTTP][0m [37m-->[39m [37mGET[39m [37m/wd/hub/status[39m {}
[38;5;86m[HTTP][0m No route found for /wd/hub/status
[38;5;86m[HTTP][0m <-- GET /wd/hub/status 404 1 ms - 211 
[38;5;86m[HTTP][0m [37m-->[39m [37mGET[39m [37m/wd/hub/status[39m {}
[38;5;86m[HTTP][0m No route found for /wd/hub/status
[38;5;86m[HTTP][0m <-- GET /wd/hub/status 404 1 ms - 211 
[38;5;86m[HTTP][0m [37m-->[39m [37mGET[39m [37m/wd/hub/status[39m {}
[38;5;86m[HTTP][0m No route found for /wd/hub/status
[38;5;86m[HTTP][0m <-- GET /wd/hub/status 404 2 ms - 211 
[38;5;86m[HTTP][0m [37m-->[39m [37mGET[39m [37m/wd/hub/status[39m {}
[38;5;86m[HTTP][0m No route found for /wd/hub/status
[38;5;86m[HTTP][0m <-- GET /wd/hub/status 404 1 ms - 211 
[38;5;86m[HTTP][0m [37m-->[39m [37mGET[39m [37m/wd/hub/status[39m {}
[38;5;86m[HTTP][0m No route found for /wd/hub/status
[38;5;86m[HTTP][0m <-- GET /wd/hub/status 404 1 ms - 211 
[38;5;86m[HTTP][0m [37m-->[39m [37mGET[39m [37m/wd/hub/status[39m {}
[38;5;86m[HTTP][0m No route found for /wd/hub/status
[38;5;86m[HTTP][0m <-- GET /wd/hub/status 404 1 ms - 211 
[38;5;86m[HTTP][0m [37m-->[39m [37mGET[39m [37m/wd/hub/status[39m {}
[38;5;86m[HTTP][0m No route found for /wd/hub/status
[38;5;86m[HTTP][0m <-- GET /wd/hub/status 404 1 ms - 211 
[38;5;86m[HTTP][0m [37m-->[39m [37mGET[39m [37m/wd/hub/status[39m {}
[38;5;86m[HTTP][0m No route found for /wd/hub/status
[38;5;86m[HTTP][0m <-- GET /wd/hub/status 404 1 ms - 211 
[38;5;86m[HTTP][0m [37m-->[39m [37mGET[39m [37m/wd/hub/status[39m {}
[38;5;86m[HTTP][0m No route found for /wd/hub/status
[38;5;86m[HTTP][0m <-- GET /wd/hub/status 404 2 ms - 211 
[38;5;86m[HTTP][0m [37m-->[39m [37mGET[39m [37m/wd/hub/status[39m {}
[38;5;86m[HTTP][0m No route found for /wd/hub/status
[38;5;86m[HTTP][0m <-- GET /wd/hub/status 404 2 ms - 211 
[38;5;86m[HTTP][0m [37m-->[39m [37mGET[39m [37m/wd/hub/status[39m {}
[38;5;86m[HTTP][0m No route found for /wd/hub/status
[38;5;86m[HTTP][0m <-- GET /wd/hub/status 404 2 ms - 211 
[38;5;86m[HTTP][0m [37m-->[39m [37mGET[39m [37m/wd/hub/status[39m {}
[38;5;86m[HTTP][0m No route found for /wd/hub/status
[38;5;86m[HTTP][0m <-- GET /wd/hub/status 404 2 ms - 211 
[38;5;86m[HTTP][0m [37m-->[39m [37mGET[39m [37m/wd/hub/status[39m {}
[38;5;86m[HTTP][0m No route found for /wd/hub/status
[38;5;86m[HTTP][0m <-- GET /wd/hub/status 404 2 ms - 211 
[38;5;86m[HTTP][0m [37m-->[39m [37mGET[39m [37m/wd/hub/status[39m {}
[38;5;86m[HTTP][0m No route found for /wd/hub/status
[38;5;86m[HTTP][0m <-- GET /wd/hub/status 404 1 ms - 211 
[38;5;86m[HTTP][0m [37m-->[39m [37mGET[39m [37m/wd/hub/status[39m {}
[38;5;86m[HTTP][0m No route found for /wd/hub/status
[38;5;86m[HTTP][0m <-- GET /wd/hub/status 404 2 ms - 211 
[38;5;86m[HTTP][0m [37m-->[39m [37mGET[39m [37m/wd/hub/status[39m {}
[38;5;86m[HTTP][0m No route found for /wd/hub/status
[38;5;86m[HTTP][0m <-- GET /wd/hub/status 404 1 ms - 211 
[38;5;86m[HTTP][0m [37m-->[39m [37mGET[39m [37m/wd/hub/status[39m {}
[38;5;86m[HTTP][0m No route found for /wd/hub/status
[38;5;86m[HTTP][0m <-- GET /wd/hub/status 404 2 ms - 211 
[38;5;86m[HTTP][0m [37m-->[39m [37mGET[39m [37m/wd/hub/status[39m {}
[38;5;86m[HTTP][0m No route found for /wd/hub/status
[38;5;86m[HTTP][0m <-- GET /wd/hub/status 404 2 ms - 211 
[38;5;86m[HTTP][0m [37m-->[39m [37mGET[39m [37m/wd/hub/status[39m {}
[38;5;86m[HTTP][0m No route found for /wd/hub/status
[38;5;86m[HTTP][0m <-- GET /wd/hub/status 404 2 ms - 211 
[38;5;86m[HTTP][0m [37m-->[39m [37mGET[39m [37m/wd/hub/status[39m {}
[38;5;86m[HTTP][0m No route found for /wd/hub/status
[38;5;86m[HTTP][0m <-- GET /wd/hub/status 404 1 ms - 211 
[38;5;86m[HTTP][0m [37m-->[39m [37mGET[39m [37m/wd/hub/status[39m {}
[38;5;86m[HTTP][0m No route found for /wd/hub/status
[38;5;86m[HTTP][0m <-- GET /wd/hub/status 404 2 ms - 211 
[38;5;86m[HTTP][0m [37m-->[39m [37mGET[39m [37m/wd/hub/status[39m {}
[38;5;86m[HTTP][0m No route found for /wd/hub/status
[38;5;86m[HTTP][0m <-- GET /wd/hub/status 404 1 ms - 211 
[38;5;86m[HTTP][0m [37m-->[39m [37mGET[39m [37m/wd/hub/status[39m {}
[38;5;86m[HTTP][0m No route found for /wd/hub/status
[38;5;86m[HTTP][0m <-- GET /wd/hub/status 404 2 ms - 211 
[38;5;86m[HTTP][0m [37m-->[39m [37mGET[39m [37m/wd/hub/status[39m {}
[38;5;86m[HTTP][0m No route found for /wd/hub/status
[38;5;86m[HTTP][0m <-- GET /wd/hub/status 404 2 ms - 211 
[38;5;86m[HTTP][0m [37m-->[39m [37mGET[39m [37m/wd/hub/status[39m {}
[38;5;86m[HTTP][0m No route found for /wd/hub/status
[38;5;86m[HTTP][0m <-- GET /wd/hub/status 404 1 ms - 211 
[38;5;86m[HTTP][0m [37m-->[39m [37mGET[39m [37m/wd/hub/status[39m {}
[38;5;86m[HTTP][0m No route found for /wd/hub/status
[38;5;86m[HTTP][0m <-- GET /wd/hub/status 404 2 ms - 211 
[38;5;86m[HTTP][0m [37m-->[39m [37mGET[39m [37m/wd/hub/status[39m {}
[38;5;86m[HTTP][0m No route found for /wd/hub/status
[38;5;86m[HTTP][0m <-- GET /wd/hub/status 404 1 ms - 211 
[38;5;86m[HTTP][0m [37m-->[39m [37mGET[39m [37m/wd/hub/status[39m {}
[38;5;86m[HTTP][0m No route found for /wd/hub/status
[38;5;86m[HTTP][0m <-- GET /wd/hub/status 404 2 ms - 211 
[38;5;86m[HTTP][0m [37m-->[39m [37mGET[39m [37m/wd/hub/status[39m {}
[38;5;86m[HTTP][0m No route found for /wd/hub/status
[38;5;86m[HTTP][0m <-- GET /wd/hub/status 404 1 ms - 211 
[38;5;86m[HTTP][0m [37m-->[39m [37mGET[39m [37m/wd/hub/status[39m {}
[38;5;86m[HTTP][0m No route found for /wd/hub/status
[38;5;86m[HTTP][0m <-- GET /wd/hub/status 404 2 ms - 211 
[38;5;86m[HTTP][0m [37m-->[39m [37mGET[39m [37m/wd/hub/status[39m {}
[38;5;86m[HTTP][0m No route found for /wd/hub/status
[38;5;86m[HTTP][0m <-- GET /wd/hub/status 404 0 ms - 211 
[38;5;86m[HTTP][0m [37m-->[39m [37mGET[39m [37m/wd/hub/status[39m {}
[38;5;86m[HTTP][0m No route found for /wd/hub/status
[38;5;86m[HTTP][0m <-- GET /wd/hub/status 404 2 ms - 211 
[38;5;86m[HTTP][0m [37m-->[39m [37mGET[39m [37m/wd/hub/status[39m {}
[38;5;86m[HTTP][0m No route found for /wd/hub/status
[38;5;86m[HTTP][0m <-- GET /wd/hub/status 404 1 ms - 211 
[38;5;86m[HTTP][0m [37m-->[39m [37mGET[39m [37m/wd/hub/status[39m {}
[38;5;86m[HTTP][0m No route found for /wd/hub/status
[38;5;86m[HTTP][0m <-- GET /wd/hub/status 404 2 ms - 211 
[38;5;86m[HTTP][0m [37m-->[39m [37mGET[39m [37m/wd/hub/status[39m {}
[38;5;86m[HTTP][0m No route found for /wd/hub/status
[38;5;86m[HTTP][0m <-- GET /wd/hub/status 404 1 ms - 211 
[38;5;86m[HTTP][0m [37m-->[39m [37mGET[39m [37m/wd/hub/status[39m {}
[38;5;86m[HTTP][0m No route found for /wd/hub/status
[38;5;86m[HTTP][0m <-- GET /wd/hub/status 404 2 ms - 211 
[38;5;86m[HTTP][0m [37m-->[39m [37mGET[39m [37m/wd/hub/status[39m {}
[38;5;86m[HTTP][0m No route found for /wd/hub/status
[38;5;86m[HTTP][0m <-- GET /wd/hub/status 404 1 ms - 211 
[38;5;86m[HTTP][0m [37m-->[39m [37mGET[39m [37m/wd/hub/status[39m {}
[38;5;86m[HTTP][0m No route found for /wd/hub/status
[38;5;86m[HTTP][0m <-- GET /wd/hub/status 404 1 ms - 211 
[38;5;86m[HTTP][0m [37m-->[39m [37mGET[39m [37m/wd/hub/status[39m {}
[38;5;86m[HTTP][0m No route found for /wd/hub/status
[38;5;86m[HTTP][0m <-- GET /wd/hub/status 404 3 ms - 211 
[38;5;86m[HTTP][0m [37m-->[39m [37mGET[39m [37m/wd/hub/status[39m {}
[38;5;86m[HTTP][0m No route found for /wd/hub/status
[38;5;86m[HTTP][0m <-- GET /wd/hub/status 404 1 ms - 211 
[38;5;86m[HTTP][0m [37m-->[39m [37mGET[39m [37m/wd/hub/status[39m {}
[38;5;86m[HTTP][0m No route found for /wd/hub/status
[38;5;86m[HTTP][0m <-- GET /wd/hub/status 404 1 ms - 211 
[38;5;86m[HTTP][0m [37m-->[39m [37mGET[39m [37m/wd/hub/status[39m {}
[38;5;86m[HTTP][0m No route found for /wd/hub/status
[38;5;86m[HTTP][0m <-- GET /wd/hub/status 404 1 ms - 211 
[38;5;86m[HTTP][0m [37m-->[39m [37mGET[39m [37m/wd/hub/status[39m {}
[38;5;86m[HTTP][0m No route found for /wd/hub/status
[38;5;86m[HTTP][0m <-- GET /wd/hub/status 404 1 ms - 211 
[38;5;86m[HTTP][0m [37m-->[39m [37mGET[39m [37m/wd/hub/status[39m {}
[38;5;86m[HTTP][0m No route found for /wd/hub/status
[38;5;86m[HTTP][0m <-- GET /wd/hub/status 404 1 ms - 211 
[38;5;86m[HTTP][0m [37m-->[39m [37mGET[39m [37m/wd/hub/status[39m {}
[38;5;86m[HTTP][0m No route found for /wd/hub/status
[38;5;86m[HTTP][0m <-- GET /wd/hub/status 404 1 ms - 211 
[38;5;86m[HTTP][0m [37m-->[39m [37mGET[39m [37m/wd/hub/status[39m {}
[38;5;86m[HTTP][0m No route found for /wd/hub/status
[38;5;86m[HTTP][0m <-- GET /wd/hub/status 404 1 ms - 211 
[38;5;86m[HTTP][0m [37m-->[39m [37mGET[39m [37m/wd/hub/status[39m {}
[38;5;86m[HTTP][0m No route found for /wd/hub/status
[38;5;86m[HTTP][0m <-- GET /wd/hub/status 404 1 ms - 211 
[38;5;86m[HTTP][0m [37m-->[39m [37mGET[39m [37m/wd/hub/status[39m {}
[38;5;86m[HTTP][0m No route found for /wd/hub/status
[38;5;86m[HTTP][0m <-- GET /wd/hub/status 404 2 ms - 211 
[38;5;86m[HTTP][0m [37m-->[39m [37mGET[39m [37m/wd/hub/status[39m {}
[38;5;86m[HTTP][0m No route found for /wd/hub/status
[38;5;86m[HTTP][0m <-- GET /wd/hub/status 404 2 ms - 211 
[38;5;86m[HTTP][0m [37m-->[39m [37mGET[39m [37m/wd/hub/status[39m {}
[38;5;86m[HTTP][0m No route found for /wd/hub/status
[38;5;86m[HTTP][0m <-- GET /wd/hub/status 404 2 ms - 211 
[38;5;86m[HTTP][0m [37m-->[39m [37mGET[39m [37m/wd/hub/status[39m {}
[38;5;86m[HTTP][0m No route found for /wd/hub/status
[38;5;86m[HTTP][0m <-- GET /wd/hub/status 404 2 ms - 211 
[38;5;86m[HTTP][0m [37m-->[39m [37mGET[39m [37m/wd/hub/status[39m {}
[38;5;86m[HTTP][0m No route found for /wd/hub/status
[38;5;86m[HTTP][0m <-- GET /wd/hub/status 404 1 ms - 211 
[38;5;86m[HTTP][0m [37m-->[39m [37mGET[39m [37m/wd/hub/status[39m {}
[38;5;86m[HTTP][0m No route found for /wd/hub/status
[38;5;86m[HTTP][0m <-- GET /wd/hub/status 404 2 ms - 211 
[38;5;86m[HTTP][0m [37m-->[39m [37mGET[39m [37m/wd/hub/status[39m {}
[38;5;86m[HTTP][0m No route found for /wd/hub/status
[38;5;86m[HTTP][0m <-- GET /wd/hub/status 404 1 ms - 211 
[38;5;86m[HTTP][0m [37m-->[39m [37mGET[39m [37m/wd/hub/status[39m {}
[38;5;86m[HTTP][0m No route found for /wd/hub/status
[38;5;86m[HTTP][0m <-- GET /wd/hub/status 404 1 ms - 211 
[38;5;86m[HTTP][0m [37m-->[39m [37mGET[39m [37m/wd/hub/status[39m {}
[38;5;86m[HTTP][0m No route found for /wd/hub/status
[38;5;86m[HTTP][0m <-- GET /wd/hub/status 404 1 ms - 211 
[38;5;86m[HTTP][0m [37m-->[39m [37mGET[39m [37m/wd/hub/status[39m {}
[38;5;86m[HTTP][0m No route found for /wd/hub/status
[38;5;86m[HTTP][0m <-- GET /wd/hub/status 404 1 ms - 211 
[38;5;86m[HTTP][0m [37m-->[39m [37mGET[39m [37m/wd/hub/status[39m {}
[38;5;86m[HTTP][0m No route found for /wd/hub/status
[38;5;86m[HTTP][0m <-- GET /wd/hub/status 404 1 ms - 211 
[38;5;86m[HTTP][0m [37m-->[39m [37mGET[39m [37m/wd/hub/status[39m {}
[38;5;86m[HTTP][0m No route found for /wd/hub/status
[38;5;86m[HTTP][0m <-- GET /wd/hub/status 404 2 ms - 211 
[38;5;86m[HTTP][0m [37m-->[39m [37mGET[39m [37m/wd/hub/status[39m {}
[38;5;86m[HTTP][0m No route found for /wd/hub/status
[38;5;86m[HTTP][0m <-- GET /wd/hub/status 404 2 ms - 211 
[38;5;86m[HTTP][0m [37m-->[39m [37mGET[39m [37m/wd/hub/status[39m {}
[38;5;86m[HTTP][0m No route found for /wd/hub/status
[38;5;86m[HTTP][0m <-- GET /wd/hub/status 404 1 ms - 211 
[38;5;86m[HTTP][0m [37m-->[39m [37mGET[39m [37m/wd/hub/status[39m {}
[38;5;86m[HTTP][0m No route found for /wd/hub/status
[38;5;86m[HTTP][0m <-- GET /wd/hub/status 404 1 ms - 211 
[38;5;86m[HTTP][0m [37m-->[39m [37mGET[39m [37m/wd/hub/status[39m {}
[38;5;86m[HTTP][0m No route found for /wd/hub/status
[38;5;86m[HTTP][0m <-- GET /wd/hub/status 404 1 ms - 211 
[38;5;86m[HTTP][0m [37m-->[39m [37mGET[39m [37m/wd/hub/status[39m {}
[38;5;86m[HTTP][0m No route found for /wd/hub/status
[38;5;86m[HTTP][0m <-- GET /wd/hub/status 404 2 ms - 211 
[38;5;86m[HTTP][0m [37m-->[39m [37mGET[39m [37m/wd/hub/status[39m {}
[38;5;86m[HTTP][0m No route found for /wd/hub/status
[38;5;86m[HTTP][0m <-- GET /wd/hub/status 404 2 ms - 211 
[38;5;86m[HTTP][0m [37m-->[39m [37mGET[39m [37m/wd/hub/status[39m {}
[38;5;86m[HTTP][0m No route found for /wd/hub/status
[38;5;86m[HTTP][0m <-- GET /wd/hub/status 404 1 ms - 211 
[38;5;86m[HTTP][0m [37m-->[39m [37mGET[39m [37m/wd/hub/status[39m {}
[38;5;86m[HTTP][0m No route found for /wd/hub/status
[38;5;86m[HTTP][0m <-- GET /wd/hub/status 404 2 ms - 211 
[38;5;86m[HTTP][0m [37m-->[39m [37mGET[39m [37m/wd/hub/status[39m {}
[38;5;86m[HTTP][0m No route found for /wd/hub/status
[38;5;86m[HTTP][0m <-- GET /wd/hub/status 404 2 ms - 211 
[38;5;86m[HTTP][0m [37m-->[39m [37mGET[39m [37m/wd/hub/status[39m {}
[38;5;86m[HTTP][0m No route found for /wd/hub/status
[38;5;86m[HTTP][0m <-- GET /wd/hub/status 404 2 ms - 211 
[38;5;86m[HTTP][0m [37m-->[39m [37mGET[39m [37m/wd/hub/status[39m {}
[38;5;86m[HTTP][0m No route found for /wd/hub/status
[38;5;86m[HTTP][0m <-- GET /wd/hub/status 404 2 ms - 211 
[38;5;86m[HTTP][0m [37m-->[39m [37mGET[39m [37m/wd/hub/status[39m {}
[38;5;86m[HTTP][0m No route found for /wd/hub/status
[38;5;86m[HTTP][0m <-- GET /wd/hub/status 404 2 ms - 211 
[38;5;86m[HTTP][0m [37m-->[39m [37mGET[39m [37m/wd/hub/status[39m {}
[38;5;86m[HTTP][0m No route found for /wd/hub/status
[38;5;86m[HTTP][0m <-- GET /wd/hub/status 404 2 ms - 211 
[38;5;86m[HTTP][0m [37m-->[39m [37mGET[39m [37m/wd/hub/status[39m {}
[38;5;86m[HTTP][0m No route found for /wd/hub/status
[38;5;86m[HTTP][0m <-- GET /wd/hub/status 404 1 ms - 211 


at io.appium.java_client.service.local.AppiumDriverLocalService.start(AppiumDriverLocalService.java:161)
at com.mdr.config.Hooks.startServer(Hooks.java:78)
at java.base/jdk.internal.reflect.NativeMethodAccessorImpl.invoke0(Native Method)
at java.base/jdk.internal.reflect.NativeMethodAccessorImpl.invoke(NativeMethodAccessorImpl.java:62)
at java.base/jdk.internal.reflect.DelegatingMethodAccessorImpl.invoke(DelegatingMethodAccessorImpl.java:43)
at java.base/java.lang.reflect.Method.invoke(Method.java:566)
at org.testng.internal.invokers.MethodInvocationHelper.invokeMethod(MethodInvocationHelper.java:141)
at org.testng.internal.invokers.TestInvoker.invokeMethod(TestInvoker.java:686)
at org.testng.internal.invokers.TestInvoker.invokeTestMethod(TestInvoker.java:230)
at org.testng.internal.invokers.MethodRunner.runInSequence(MethodRunner.java:63)
at org.testng.internal.invokers.TestInvoker$MethodInvocationAgent.invoke(TestInvoker.java:992)
at org.testng.internal.invokers.TestInvoker.invokeTestMethods(TestInvoker.java:203)
at org.testng.internal.invokers.TestMethodWorker.invokeTestMethods(TestMethodWorker.java:154)
at org.testng.internal.invokers.TestMethodWorker.run(TestMethodWorker.java:134)
at java.base/java.util.ArrayList.forEach(ArrayList.java:1541)
at org.testng.TestRunner.privateRun(TestRunner.java:739)
at org.testng.TestRunner.run(TestRunner.java:614)
at org.testng.SuiteRunner.runTest(SuiteRunner.java:421)
at org.testng.SuiteRunner.runSequentially(SuiteRunner.java:413)
at org.testng.SuiteRunner.privateRun(SuiteRunner.java:373)
at org.testng.SuiteRunner.run(SuiteRunner.java:312)
at org.testng.SuiteRunnerWorker.runSuite(SuiteRunnerWorker.java:52)
at org.testng.SuiteRunnerWorker.run(SuiteRunnerWorker.java:95)
at org.testng.TestNG.runSuitesSequentially(TestNG.java:1274)
at org.testng.TestNG.runSuitesLocally(TestNG.java:1208)
at org.testng.TestNG.runSuites(TestNG.java:1112)
at org.testng.TestNG.run(TestNG.java:1079)
at org.testng.remote.AbstractRemoteTestNG.run(AbstractRemoteTestNG.java:115)
at org.testng.remote.RemoteTestNG.initAndRun(RemoteTestNG.java:293)
at org.testng.remote.RemoteTestNG.main(RemoteTestNG.java:91)
Caused by: org.openqa.selenium.net.UrlChecker$TimeoutException: Timed out waiting for [http://127.0.0.1:4723/wd/hub/status] to be available after 120006 ms
at org.openqa.selenium.net.UrlChecker.waitUntilAvailable(UrlChecker.java:100)
at io.appium.java_client.service.local.AppiumDriverLocalService.ping(AppiumDriverLocalService.java:125)
at io.appium.java_client.service.local.AppiumDriverLocalService.start(AppiumDriverLocalService.java:148)
... 29 more
Caused by: java.util.concurrent.TimeoutException
at java.base/java.util.concurrent.FutureTask.get(FutureTask.java:204)
at com.google.common.util.concurrent.SimpleTimeLimiter.callWithTimeout(SimpleTimeLimiter.java:156)
at org.openqa.selenium.net.UrlChecker.waitUntilAvailable(UrlChecker.java:75)
... 31 more
]]>
    </error>
  </testcase> <!-- startServer -->
</testsuite> <!-- com.mdr.config.Hooks -->
